{"/react/src/js/index.js":{"path":"/react/src/js/index.js","statementMap":{"0":{"start":{"line":3,"column":0},"end":{"line":5,"column":3}},"1":{"start":{"line":6,"column":0},"end":{"line":6,"column":28}},"2":{"start":{"line":8,"column":15},"end":{"line":8,"column":256}},"3":{"start":{"line":8,"column":52},"end":{"line":8,"column":239}},"4":{"start":{"line":8,"column":110},"end":{"line":8,"column":122}},"5":{"start":{"line":8,"column":124},"end":{"line":8,"column":237}},"6":{"start":{"line":8,"column":150},"end":{"line":8,"column":235}},"7":{"start":{"line":8,"column":207},"end":{"line":8,"column":233}},"8":{"start":{"line":8,"column":240},"end":{"line":8,"column":254}},"9":{"start":{"line":10,"column":19},"end":{"line":10,"column":563}},"10":{"start":{"line":10,"column":76},"end":{"line":10,"column":347}},"11":{"start":{"line":10,"column":134},"end":{"line":10,"column":142}},"12":{"start":{"line":10,"column":144},"end":{"line":10,"column":199}},"13":{"start":{"line":10,"column":200},"end":{"line":10,"column":231}},"14":{"start":{"line":10,"column":232},"end":{"line":10,"column":286}},"15":{"start":{"line":10,"column":259},"end":{"line":10,"column":286}},"16":{"start":{"line":10,"column":287},"end":{"line":10,"column":345}},"17":{"start":{"line":10,"column":350},"end":{"line":10,"column":559}},"18":{"start":{"line":10,"column":407},"end":{"line":10,"column":475}},"19":{"start":{"line":10,"column":423},"end":{"line":10,"column":475}},"20":{"start":{"line":10,"column":476},"end":{"line":10,"column":536}},"21":{"start":{"line":10,"column":493},"end":{"line":10,"column":536}},"22":{"start":{"line":10,"column":537},"end":{"line":10,"column":556}},"23":{"start":{"line":12,"column":13},"end":{"line":12,"column":29}},"24":{"start":{"line":14,"column":14},"end":{"line":14,"column":44}},"25":{"start":{"line":16,"column":18},"end":{"line":16,"column":52}},"26":{"start":{"line":18,"column":19},"end":{"line":18,"column":54}},"27":{"start":{"line":20,"column":12},"end":{"line":20,"column":37}},"28":{"start":{"line":22,"column":19},"end":{"line":22,"column":50}},"29":{"start":{"line":24,"column":20},"end":{"line":24,"column":56}},"30":{"start":{"line":26,"column":16},"end":{"line":26,"column":44}},"31":{"start":{"line":28,"column":17},"end":{"line":28,"column":50}},"32":{"start":{"line":30,"column":39},"end":{"line":30,"column":93}},"33":{"start":{"line":32,"column":60},"end":{"line":32,"column":62}},"34":{"start":{"line":32,"column":64},"end":{"line":32,"column":203}},"35":{"start":{"line":32,"column":85},"end":{"line":32,"column":120}},"36":{"start":{"line":32,"column":111},"end":{"line":32,"column":120}},"37":{"start":{"line":32,"column":121},"end":{"line":32,"column":181}},"38":{"start":{"line":32,"column":172},"end":{"line":32,"column":181}},"39":{"start":{"line":32,"column":182},"end":{"line":32,"column":201}},"40":{"start":{"line":32,"column":204},"end":{"line":32,"column":218}},"41":{"start":{"line":34,"column":50},"end":{"line":34,"column":151}},"42":{"start":{"line":34,"column":92},"end":{"line":34,"column":149}},"43":{"start":{"line":36,"column":50},"end":{"line":36,"column":151}},"44":{"start":{"line":36,"column":63},"end":{"line":36,"column":149}},"45":{"start":{"line":36,"column":152},"end":{"line":36,"column":238}},"46":{"start":{"line":38,"column":43},"end":{"line":38,"column":208}},"47":{"start":{"line":38,"column":106},"end":{"line":38,"column":206}},"48":{"start":{"line":38,"column":209},"end":{"line":38,"column":373}},"49":{"start":{"line":38,"column":374},"end":{"line":38,"column":492}},"50":{"start":{"line":38,"column":390},"end":{"line":38,"column":492}},"51":{"start":{"line":46,"column":15},"end":{"line":114,"column":28}},"52":{"start":{"line":47,"column":4},"end":{"line":47,"column":42}},"53":{"start":{"line":50,"column":8},"end":{"line":50,"column":40}},"54":{"start":{"line":52,"column":20},"end":{"line":52,"column":127}},"55":{"start":{"line":54,"column":8},"end":{"line":54,"column":25}},"56":{"start":{"line":55,"column":8},"end":{"line":55,"column":44}},"57":{"start":{"line":56,"column":8},"end":{"line":65,"column":10}},"58":{"start":{"line":67,"column":8},"end":{"line":85,"column":10}},"59":{"start":{"line":68,"column":12},"end":{"line":75,"column":13}},"60":{"start":{"line":69,"column":16},"end":{"line":73,"column":17}},"61":{"start":{"line":70,"column":20},"end":{"line":70,"column":52}},"62":{"start":{"line":72,"column":20},"end":{"line":72,"column":55}},"63":{"start":{"line":74,"column":16},"end":{"line":74,"column":74}},"64":{"start":{"line":78,"column":12},"end":{"line":84,"column":13}},"65":{"start":{"line":79,"column":16},"end":{"line":79,"column":79}},"66":{"start":{"line":80,"column":16},"end":{"line":80,"column":43}},"67":{"start":{"line":81,"column":16},"end":{"line":83,"column":18}},"68":{"start":{"line":87,"column":8},"end":{"line":90,"column":10}},"69":{"start":{"line":88,"column":12},"end":{"line":88,"column":36}},"70":{"start":{"line":89,"column":12},"end":{"line":89,"column":40}},"71":{"start":{"line":92,"column":8},"end":{"line":92,"column":26}},"72":{"start":{"line":93,"column":8},"end":{"line":93,"column":21}},"73":{"start":{"line":99,"column":4},"end":{"line":111,"column":8}},"74":{"start":{"line":102,"column":24},"end":{"line":102,"column":64}},"75":{"start":{"line":104,"column":12},"end":{"line":109,"column":14}},"76":{"start":{"line":113,"column":4},"end":{"line":113,"column":20}},"77":{"start":{"line":116,"column":0},"end":{"line":116,"column":27}}},"fnMap":{"0":{"name":"(anonymous_0)","decl":{"start":{"line":8,"column":32},"end":{"line":8,"column":33}},"loc":{"start":{"line":8,"column":50},"end":{"line":8,"column":256}},"line":8},"1":{"name":"(anonymous_1)","decl":{"start":{"line":10,"column":19},"end":{"line":10,"column":20}},"loc":{"start":{"line":10,"column":31},"end":{"line":10,"column":561}},"line":10},"2":{"name":"defineProperties","decl":{"start":{"line":10,"column":42},"end":{"line":10,"column":58}},"loc":{"start":{"line":10,"column":74},"end":{"line":10,"column":349}},"line":10},"3":{"name":"(anonymous_3)","decl":{"start":{"line":10,"column":357},"end":{"line":10,"column":358}},"loc":{"start":{"line":10,"column":405},"end":{"line":10,"column":558}},"line":10},"4":{"name":"_interopRequireDefault","decl":{"start":{"line":30,"column":9},"end":{"line":30,"column":31}},"loc":{"start":{"line":30,"column":37},"end":{"line":30,"column":95}},"line":30},"5":{"name":"_objectWithoutProperties","decl":{"start":{"line":32,"column":9},"end":{"line":32,"column":33}},"loc":{"start":{"line":32,"column":45},"end":{"line":32,"column":220}},"line":32},"6":{"name":"_classCallCheck","decl":{"start":{"line":34,"column":9},"end":{"line":34,"column":24}},"loc":{"start":{"line":34,"column":48},"end":{"line":34,"column":153}},"line":34},"7":{"name":"_possibleConstructorReturn","decl":{"start":{"line":36,"column":9},"end":{"line":36,"column":35}},"loc":{"start":{"line":36,"column":48},"end":{"line":36,"column":240}},"line":36},"8":{"name":"_inherits","decl":{"start":{"line":38,"column":9},"end":{"line":38,"column":18}},"loc":{"start":{"line":38,"column":41},"end":{"line":38,"column":494}},"line":38},"9":{"name":"(anonymous_9)","decl":{"start":{"line":46,"column":15},"end":{"line":46,"column":16}},"loc":{"start":{"line":46,"column":43},"end":{"line":114,"column":1}},"line":46},"10":{"name":"_default","decl":{"start":{"line":49,"column":13},"end":{"line":49,"column":21}},"loc":{"start":{"line":49,"column":29},"end":{"line":94,"column":5}},"line":49},"11":{"name":"(anonymous_11)","decl":{"start":{"line":67,"column":21},"end":{"line":67,"column":22}},"loc":{"start":{"line":67,"column":38},"end":{"line":85,"column":9}},"line":67},"12":{"name":"(anonymous_12)","decl":{"start":{"line":87,"column":42},"end":{"line":87,"column":43}},"loc":{"start":{"line":87,"column":63},"end":{"line":90,"column":9}},"line":87},"13":{"name":"render","decl":{"start":{"line":101,"column":24},"end":{"line":101,"column":30}},"loc":{"start":{"line":101,"column":33},"end":{"line":110,"column":9}},"line":101}},"branchMap":{"0":{"loc":{"start":{"line":8,"column":15},"end":{"line":8,"column":256}},"type":"binary-expr","locations":[{"start":{"line":8,"column":15},"end":{"line":8,"column":28}},{"start":{"line":8,"column":32},"end":{"line":8,"column":256}}],"line":8},"1":{"loc":{"start":{"line":8,"column":150},"end":{"line":8,"column":235}},"type":"if","locations":[{"start":{"line":8,"column":150},"end":{"line":8,"column":235}},{"start":{"line":8,"column":150},"end":{"line":8,"column":235}}],"line":8},"2":{"loc":{"start":{"line":10,"column":168},"end":{"line":10,"column":198}},"type":"binary-expr","locations":[{"start":{"line":10,"column":168},"end":{"line":10,"column":189}},{"start":{"line":10,"column":193},"end":{"line":10,"column":198}}],"line":10},"3":{"loc":{"start":{"line":10,"column":232},"end":{"line":10,"column":286}},"type":"if","locations":[{"start":{"line":10,"column":232},"end":{"line":10,"column":286}},{"start":{"line":10,"column":232},"end":{"line":10,"column":286}}],"line":10},"4":{"loc":{"start":{"line":10,"column":407},"end":{"line":10,"column":475}},"type":"if","locations":[{"start":{"line":10,"column":407},"end":{"line":10,"column":475}},{"start":{"line":10,"column":407},"end":{"line":10,"column":475}}],"line":10},"5":{"loc":{"start":{"line":10,"column":476},"end":{"line":10,"column":536}},"type":"if","locations":[{"start":{"line":10,"column":476},"end":{"line":10,"column":536}},{"start":{"line":10,"column":476},"end":{"line":10,"column":536}}],"line":10},"6":{"loc":{"start":{"line":30,"column":46},"end":{"line":30,"column":92}},"type":"cond-expr","locations":[{"start":{"line":30,"column":70},"end":{"line":30,"column":73}},{"start":{"line":30,"column":76},"end":{"line":30,"column":92}}],"line":30},"7":{"loc":{"start":{"line":30,"column":46},"end":{"line":30,"column":67}},"type":"binary-expr","locations":[{"start":{"line":30,"column":46},"end":{"line":30,"column":49}},{"start":{"line":30,"column":53},"end":{"line":30,"column":67}}],"line":30},"8":{"loc":{"start":{"line":32,"column":85},"end":{"line":32,"column":120}},"type":"if","locations":[{"start":{"line":32,"column":85},"end":{"line":32,"column":120}},{"start":{"line":32,"column":85},"end":{"line":32,"column":120}}],"line":32},"9":{"loc":{"start":{"line":32,"column":121},"end":{"line":32,"column":181}},"type":"if","locations":[{"start":{"line":32,"column":121},"end":{"line":32,"column":181}},{"start":{"line":32,"column":121},"end":{"line":32,"column":181}}],"line":32},"10":{"loc":{"start":{"line":34,"column":50},"end":{"line":34,"column":151}},"type":"if","locations":[{"start":{"line":34,"column":50},"end":{"line":34,"column":151}},{"start":{"line":34,"column":50},"end":{"line":34,"column":151}}],"line":34},"11":{"loc":{"start":{"line":36,"column":50},"end":{"line":36,"column":151}},"type":"if","locations":[{"start":{"line":36,"column":50},"end":{"line":36,"column":151}},{"start":{"line":36,"column":50},"end":{"line":36,"column":151}}],"line":36},"12":{"loc":{"start":{"line":36,"column":159},"end":{"line":36,"column":237}},"type":"cond-expr","locations":[{"start":{"line":36,"column":226},"end":{"line":36,"column":230}},{"start":{"line":36,"column":233},"end":{"line":36,"column":237}}],"line":36},"13":{"loc":{"start":{"line":36,"column":159},"end":{"line":36,"column":223}},"type":"binary-expr","locations":[{"start":{"line":36,"column":159},"end":{"line":36,"column":163}},{"start":{"line":36,"column":168},"end":{"line":36,"column":192}},{"start":{"line":36,"column":196},"end":{"line":36,"column":222}}],"line":36},"14":{"loc":{"start":{"line":38,"column":43},"end":{"line":38,"column":208}},"type":"if","locations":[{"start":{"line":38,"column":43},"end":{"line":38,"column":208}},{"start":{"line":38,"column":43},"end":{"line":38,"column":208}}],"line":38},"15":{"loc":{"start":{"line":38,"column":47},"end":{"line":38,"column":102}},"type":"binary-expr","locations":[{"start":{"line":38,"column":47},"end":{"line":38,"column":79}},{"start":{"line":38,"column":83},"end":{"line":38,"column":102}}],"line":38},"16":{"loc":{"start":{"line":38,"column":244},"end":{"line":38,"column":278}},"type":"binary-expr","locations":[{"start":{"line":38,"column":244},"end":{"line":38,"column":254}},{"start":{"line":38,"column":258},"end":{"line":38,"column":278}}],"line":38},"17":{"loc":{"start":{"line":38,"column":374},"end":{"line":38,"column":492}},"type":"if","locations":[{"start":{"line":38,"column":374},"end":{"line":38,"column":492}},{"start":{"line":38,"column":374},"end":{"line":38,"column":492}}],"line":38},"18":{"loc":{"start":{"line":38,"column":390},"end":{"line":38,"column":491}},"type":"cond-expr","locations":[{"start":{"line":38,"column":414},"end":{"line":38,"column":457}},{"start":{"line":38,"column":460},"end":{"line":38,"column":491}}],"line":38},"19":{"loc":{"start":{"line":52,"column":54},"end":{"line":52,"column":107}},"type":"binary-expr","locations":[{"start":{"line":52,"column":54},"end":{"line":52,"column":72}},{"start":{"line":52,"column":76},"end":{"line":52,"column":107}}],"line":52},"20":{"loc":{"start":{"line":69,"column":16},"end":{"line":73,"column":17}},"type":"if","locations":[{"start":{"line":69,"column":16},"end":{"line":73,"column":17}},{"start":{"line":69,"column":16},"end":{"line":73,"column":17}}],"line":69},"21":{"loc":{"start":{"line":78,"column":12},"end":{"line":84,"column":13}},"type":"if","locations":[{"start":{"line":78,"column":12},"end":{"line":84,"column":13}},{"start":{"line":78,"column":12},"end":{"line":84,"column":13}}],"line":78},"22":{"loc":{"start":{"line":78,"column":16},"end":{"line":78,"column":113}},"type":"binary-expr","locations":[{"start":{"line":78,"column":16},"end":{"line":78,"column":63}},{"start":{"line":78,"column":67},"end":{"line":78,"column":113}}],"line":78}},"s":{"0":1,"1":1,"2":1,"3":0,"4":0,"5":0,"6":0,"7":0,"8":0,"9":1,"10":1,"11":1,"12":1,"13":1,"14":1,"15":1,"16":1,"17":1,"18":1,"19":1,"20":1,"21":0,"22":1,"23":1,"24":1,"25":1,"26":1,"27":1,"28":1,"29":1,"30":1,"31":1,"32":4,"33":0,"34":0,"35":0,"36":0,"37":0,"38":0,"39":0,"40":0,"41":0,"42":0,"43":0,"44":0,"45":0,"46":1,"47":0,"48":1,"49":1,"50":1,"51":1,"52":1,"53":0,"54":0,"55":0,"56":0,"57":0,"58":0,"59":0,"60":0,"61":0,"62":0,"63":0,"64":0,"65":0,"66":0,"67":0,"68":0,"69":0,"70":0,"71":0,"72":0,"73":1,"74":0,"75":0,"76":1,"77":1},"f":{"0":0,"1":1,"2":1,"3":1,"4":4,"5":0,"6":0,"7":0,"8":1,"9":1,"10":0,"11":0,"12":0,"13":0},"b":{"0":[1,0],"1":[0,0],"2":[1,1],"3":[1,0],"4":[1,0],"5":[0,1],"6":[3,1],"7":[4,4],"8":[0,0],"9":[0,0],"10":[0,0],"11":[0,0],"12":[0,0],"13":[0,0,0],"14":[0,1],"15":[1,0],"16":[1,1],"17":[1,0],"18":[1,0],"19":[0,0],"20":[0,0],"21":[0,0],"22":[0,0]},"_coverageSchema":"332fd63041d2c1bcb487cc26dd0d5f7d97098a6c","hash":"ee528c1d697ca6355726af93afee51330afed5bd","contentHash":"adcce28b43e4dbb165ca55913fcd4401_10.3.2"},"/react/src/js/components/JsonViewer.js":{"path":"/react/src/js/components/JsonViewer.js","statementMap":{"0":{"start":{"line":3,"column":0},"end":{"line":5,"column":3}},"1":{"start":{"line":6,"column":0},"end":{"line":6,"column":28}},"2":{"start":{"line":8,"column":15},"end":{"line":8,"column":256}},"3":{"start":{"line":8,"column":52},"end":{"line":8,"column":239}},"4":{"start":{"line":8,"column":110},"end":{"line":8,"column":122}},"5":{"start":{"line":8,"column":124},"end":{"line":8,"column":237}},"6":{"start":{"line":8,"column":150},"end":{"line":8,"column":235}},"7":{"start":{"line":8,"column":207},"end":{"line":8,"column":233}},"8":{"start":{"line":8,"column":240},"end":{"line":8,"column":254}},"9":{"start":{"line":10,"column":13},"end":{"line":10,"column":29}},"10":{"start":{"line":12,"column":14},"end":{"line":12,"column":44}},"11":{"start":{"line":14,"column":14},"end":{"line":14,"column":43}},"12":{"start":{"line":16,"column":15},"end":{"line":16,"column":46}},"13":{"start":{"line":18,"column":39},"end":{"line":18,"column":93}},"14":{"start":{"line":20,"column":50},"end":{"line":20,"column":151}},"15":{"start":{"line":20,"column":92},"end":{"line":20,"column":149}},"16":{"start":{"line":22,"column":50},"end":{"line":22,"column":151}},"17":{"start":{"line":22,"column":63},"end":{"line":22,"column":149}},"18":{"start":{"line":22,"column":152},"end":{"line":22,"column":238}},"19":{"start":{"line":24,"column":43},"end":{"line":24,"column":208}},"20":{"start":{"line":24,"column":106},"end":{"line":24,"column":206}},"21":{"start":{"line":24,"column":209},"end":{"line":24,"column":373}},"22":{"start":{"line":24,"column":374},"end":{"line":24,"column":492}},"23":{"start":{"line":24,"column":390},"end":{"line":24,"column":492}},"24":{"start":{"line":26,"column":15},"end":{"line":40,"column":28}},"25":{"start":{"line":27,"column":4},"end":{"line":27,"column":42}},"26":{"start":{"line":30,"column":8},"end":{"line":30,"column":40}},"27":{"start":{"line":32,"column":20},"end":{"line":32,"column":127}},"28":{"start":{"line":34,"column":8},"end":{"line":34,"column":37}},"29":{"start":{"line":36,"column":8},"end":{"line":36,"column":21}},"30":{"start":{"line":39,"column":4},"end":{"line":39,"column":20}},"31":{"start":{"line":42,"column":23},"end":{"line":63,"column":1}},"32":{"start":{"line":43,"column":17},"end":{"line":43,"column":21}},"33":{"start":{"line":45,"column":4},"end":{"line":62,"column":6}},"34":{"start":{"line":46,"column":20},"end":{"line":46,"column":32}},"35":{"start":{"line":48,"column":24},"end":{"line":48,"column":36}},"36":{"start":{"line":49,"column":8},"end":{"line":61,"column":10}},"37":{"start":{"line":65,"column":0},"end":{"line":65,"column":27}}},"fnMap":{"0":{"name":"(anonymous_0)","decl":{"start":{"line":8,"column":32},"end":{"line":8,"column":33}},"loc":{"start":{"line":8,"column":50},"end":{"line":8,"column":256}},"line":8},"1":{"name":"_interopRequireDefault","decl":{"start":{"line":18,"column":9},"end":{"line":18,"column":31}},"loc":{"start":{"line":18,"column":37},"end":{"line":18,"column":95}},"line":18},"2":{"name":"_classCallCheck","decl":{"start":{"line":20,"column":9},"end":{"line":20,"column":24}},"loc":{"start":{"line":20,"column":48},"end":{"line":20,"column":153}},"line":20},"3":{"name":"_possibleConstructorReturn","decl":{"start":{"line":22,"column":9},"end":{"line":22,"column":35}},"loc":{"start":{"line":22,"column":48},"end":{"line":22,"column":240}},"line":22},"4":{"name":"_inherits","decl":{"start":{"line":24,"column":9},"end":{"line":24,"column":18}},"loc":{"start":{"line":24,"column":41},"end":{"line":24,"column":494}},"line":24},"5":{"name":"(anonymous_5)","decl":{"start":{"line":26,"column":15},"end":{"line":26,"column":16}},"loc":{"start":{"line":26,"column":43},"end":{"line":40,"column":1}},"line":26},"6":{"name":"_default","decl":{"start":{"line":29,"column":13},"end":{"line":29,"column":21}},"loc":{"start":{"line":29,"column":29},"end":{"line":37,"column":5}},"line":29},"7":{"name":"_initialiseProps","decl":{"start":{"line":42,"column":32},"end":{"line":42,"column":48}},"loc":{"start":{"line":42,"column":51},"end":{"line":63,"column":1}},"line":42},"8":{"name":"(anonymous_8)","decl":{"start":{"line":45,"column":18},"end":{"line":45,"column":19}},"loc":{"start":{"line":45,"column":30},"end":{"line":62,"column":5}},"line":45}},"branchMap":{"0":{"loc":{"start":{"line":8,"column":15},"end":{"line":8,"column":256}},"type":"binary-expr","locations":[{"start":{"line":8,"column":15},"end":{"line":8,"column":28}},{"start":{"line":8,"column":32},"end":{"line":8,"column":256}}],"line":8},"1":{"loc":{"start":{"line":8,"column":150},"end":{"line":8,"column":235}},"type":"if","locations":[{"start":{"line":8,"column":150},"end":{"line":8,"column":235}},{"start":{"line":8,"column":150},"end":{"line":8,"column":235}}],"line":8},"2":{"loc":{"start":{"line":18,"column":46},"end":{"line":18,"column":92}},"type":"cond-expr","locations":[{"start":{"line":18,"column":70},"end":{"line":18,"column":73}},{"start":{"line":18,"column":76},"end":{"line":18,"column":92}}],"line":18},"3":{"loc":{"start":{"line":18,"column":46},"end":{"line":18,"column":67}},"type":"binary-expr","locations":[{"start":{"line":18,"column":46},"end":{"line":18,"column":49}},{"start":{"line":18,"column":53},"end":{"line":18,"column":67}}],"line":18},"4":{"loc":{"start":{"line":20,"column":50},"end":{"line":20,"column":151}},"type":"if","locations":[{"start":{"line":20,"column":50},"end":{"line":20,"column":151}},{"start":{"line":20,"column":50},"end":{"line":20,"column":151}}],"line":20},"5":{"loc":{"start":{"line":22,"column":50},"end":{"line":22,"column":151}},"type":"if","locations":[{"start":{"line":22,"column":50},"end":{"line":22,"column":151}},{"start":{"line":22,"column":50},"end":{"line":22,"column":151}}],"line":22},"6":{"loc":{"start":{"line":22,"column":159},"end":{"line":22,"column":237}},"type":"cond-expr","locations":[{"start":{"line":22,"column":226},"end":{"line":22,"column":230}},{"start":{"line":22,"column":233},"end":{"line":22,"column":237}}],"line":22},"7":{"loc":{"start":{"line":22,"column":159},"end":{"line":22,"column":223}},"type":"binary-expr","locations":[{"start":{"line":22,"column":159},"end":{"line":22,"column":163}},{"start":{"line":22,"column":168},"end":{"line":22,"column":192}},{"start":{"line":22,"column":196},"end":{"line":22,"column":222}}],"line":22},"8":{"loc":{"start":{"line":24,"column":43},"end":{"line":24,"column":208}},"type":"if","locations":[{"start":{"line":24,"column":43},"end":{"line":24,"column":208}},{"start":{"line":24,"column":43},"end":{"line":24,"column":208}}],"line":24},"9":{"loc":{"start":{"line":24,"column":47},"end":{"line":24,"column":102}},"type":"binary-expr","locations":[{"start":{"line":24,"column":47},"end":{"line":24,"column":79}},{"start":{"line":24,"column":83},"end":{"line":24,"column":102}}],"line":24},"10":{"loc":{"start":{"line":24,"column":244},"end":{"line":24,"column":278}},"type":"binary-expr","locations":[{"start":{"line":24,"column":244},"end":{"line":24,"column":254}},{"start":{"line":24,"column":258},"end":{"line":24,"column":278}}],"line":24},"11":{"loc":{"start":{"line":24,"column":374},"end":{"line":24,"column":492}},"type":"if","locations":[{"start":{"line":24,"column":374},"end":{"line":24,"column":492}},{"start":{"line":24,"column":374},"end":{"line":24,"column":492}}],"line":24},"12":{"loc":{"start":{"line":24,"column":390},"end":{"line":24,"column":491}},"type":"cond-expr","locations":[{"start":{"line":24,"column":414},"end":{"line":24,"column":457}},{"start":{"line":24,"column":460},"end":{"line":24,"column":491}}],"line":24},"13":{"loc":{"start":{"line":32,"column":54},"end":{"line":32,"column":107}},"type":"binary-expr","locations":[{"start":{"line":32,"column":54},"end":{"line":32,"column":72}},{"start":{"line":32,"column":76},"end":{"line":32,"column":107}}],"line":32}},"s":{"0":1,"1":1,"2":1,"3":0,"4":0,"5":0,"6":0,"7":0,"8":0,"9":1,"10":1,"11":1,"12":1,"13":2,"14":0,"15":0,"16":0,"17":0,"18":0,"19":1,"20":0,"21":1,"22":1,"23":1,"24":1,"25":1,"26":0,"27":0,"28":0,"29":0,"30":1,"31":1,"32":0,"33":0,"34":0,"35":0,"36":0,"37":1},"f":{"0":0,"1":2,"2":0,"3":0,"4":1,"5":1,"6":0,"7":0,"8":0},"b":{"0":[1,0],"1":[0,0],"2":[1,1],"3":[2,2],"4":[0,0],"5":[0,0],"6":[0,0],"7":[0,0,0],"8":[0,1],"9":[1,0],"10":[1,1],"11":[1,0],"12":[1,0],"13":[0,0]},"_coverageSchema":"332fd63041d2c1bcb487cc26dd0d5f7d97098a6c","hash":"dce9140566ac2312dc835f8d87b9326bbb1ea8d2","contentHash":"8f2300219f9f1fc0baa51f849a4ac39c_10.3.2"},"/react/src/js/components/DataTypes/Object.js":{"path":"/react/src/js/components/DataTypes/Object.js","statementMap":{"0":{"start":{"line":3,"column":0},"end":{"line":5,"column":3}},"1":{"start":{"line":7,"column":15},"end":{"line":7,"column":256}},"2":{"start":{"line":7,"column":52},"end":{"line":7,"column":239}},"3":{"start":{"line":7,"column":110},"end":{"line":7,"column":122}},"4":{"start":{"line":7,"column":124},"end":{"line":7,"column":237}},"5":{"start":{"line":7,"column":150},"end":{"line":7,"column":235}},"6":{"start":{"line":7,"column":207},"end":{"line":7,"column":233}},"7":{"start":{"line":7,"column":240},"end":{"line":7,"column":254}},"8":{"start":{"line":9,"column":19},"end":{"line":9,"column":563}},"9":{"start":{"line":9,"column":76},"end":{"line":9,"column":347}},"10":{"start":{"line":9,"column":134},"end":{"line":9,"column":142}},"11":{"start":{"line":9,"column":144},"end":{"line":9,"column":199}},"12":{"start":{"line":9,"column":200},"end":{"line":9,"column":231}},"13":{"start":{"line":9,"column":232},"end":{"line":9,"column":286}},"14":{"start":{"line":9,"column":259},"end":{"line":9,"column":286}},"15":{"start":{"line":9,"column":287},"end":{"line":9,"column":345}},"16":{"start":{"line":9,"column":350},"end":{"line":9,"column":559}},"17":{"start":{"line":9,"column":407},"end":{"line":9,"column":475}},"18":{"start":{"line":9,"column":423},"end":{"line":9,"column":475}},"19":{"start":{"line":9,"column":476},"end":{"line":9,"column":536}},"20":{"start":{"line":9,"column":493},"end":{"line":9,"column":536}},"21":{"start":{"line":9,"column":537},"end":{"line":9,"column":556}},"22":{"start":{"line":22,"column":13},"end":{"line":22,"column":29}},"23":{"start":{"line":24,"column":14},"end":{"line":24,"column":44}},"24":{"start":{"line":26,"column":12},"end":{"line":26,"column":43}},"25":{"start":{"line":28,"column":17},"end":{"line":28,"column":39}},"26":{"start":{"line":30,"column":20},"end":{"line":30,"column":48}},"27":{"start":{"line":32,"column":21},"end":{"line":32,"column":58}},"28":{"start":{"line":34,"column":24},"end":{"line":34,"column":66}},"29":{"start":{"line":36,"column":25},"end":{"line":36,"column":66}},"30":{"start":{"line":38,"column":24},"end":{"line":38,"column":72}},"31":{"start":{"line":40,"column":25},"end":{"line":40,"column":66}},"32":{"start":{"line":42,"column":27},"end":{"line":42,"column":78}},"33":{"start":{"line":44,"column":28},"end":{"line":44,"column":72}},"34":{"start":{"line":46,"column":16},"end":{"line":46,"column":50}},"35":{"start":{"line":48,"column":17},"end":{"line":48,"column":50}},"36":{"start":{"line":50,"column":14},"end":{"line":50,"column":31}},"37":{"start":{"line":52,"column":15},"end":{"line":52,"column":46}},"38":{"start":{"line":54,"column":39},"end":{"line":54,"column":93}},"39":{"start":{"line":56,"column":60},"end":{"line":56,"column":62}},"40":{"start":{"line":56,"column":64},"end":{"line":56,"column":203}},"41":{"start":{"line":56,"column":85},"end":{"line":56,"column":120}},"42":{"start":{"line":56,"column":111},"end":{"line":56,"column":120}},"43":{"start":{"line":56,"column":121},"end":{"line":56,"column":181}},"44":{"start":{"line":56,"column":172},"end":{"line":56,"column":181}},"45":{"start":{"line":56,"column":182},"end":{"line":56,"column":201}},"46":{"start":{"line":56,"column":204},"end":{"line":56,"column":218}},"47":{"start":{"line":58,"column":50},"end":{"line":58,"column":151}},"48":{"start":{"line":58,"column":92},"end":{"line":58,"column":149}},"49":{"start":{"line":60,"column":50},"end":{"line":60,"column":151}},"50":{"start":{"line":60,"column":63},"end":{"line":60,"column":149}},"51":{"start":{"line":60,"column":152},"end":{"line":60,"column":238}},"52":{"start":{"line":62,"column":43},"end":{"line":62,"column":208}},"53":{"start":{"line":62,"column":106},"end":{"line":62,"column":206}},"54":{"start":{"line":62,"column":209},"end":{"line":62,"column":373}},"55":{"start":{"line":62,"column":374},"end":{"line":62,"column":492}},"56":{"start":{"line":62,"column":390},"end":{"line":62,"column":492}},"57":{"start":{"line":65,"column":22},"end":{"line":65,"column":23}},"58":{"start":{"line":67,"column":20},"end":{"line":67,"column":21}},"59":{"start":{"line":69,"column":16},"end":{"line":174,"column":39}},"60":{"start":{"line":70,"column":4},"end":{"line":70,"column":43}},"61":{"start":{"line":73,"column":8},"end":{"line":73,"column":41}},"62":{"start":{"line":75,"column":20},"end":{"line":75,"column":129}},"63":{"start":{"line":77,"column":8},"end":{"line":77,"column":37}},"64":{"start":{"line":79,"column":8},"end":{"line":79,"column":140}},"65":{"start":{"line":80,"column":8},"end":{"line":80,"column":21}},"66":{"start":{"line":83,"column":4},"end":{"line":171,"column":8}},"67":{"start":{"line":88,"column":25},"end":{"line":88,"column":35}},"68":{"start":{"line":89,"column":24},"end":{"line":89,"column":36}},"69":{"start":{"line":90,"column":22},"end":{"line":90,"column":32}},"70":{"start":{"line":91,"column":28},"end":{"line":91,"column":44}},"71":{"start":{"line":92,"column":23},"end":{"line":92,"column":34}},"72":{"start":{"line":93,"column":23},"end":{"line":93,"column":34}},"73":{"start":{"line":94,"column":30},"end":{"line":94,"column":48}},"74":{"start":{"line":95,"column":24},"end":{"line":95,"column":36}},"75":{"start":{"line":96,"column":26},"end":{"line":96,"column":40}},"76":{"start":{"line":97,"column":23},"end":{"line":97,"column":137}},"77":{"start":{"line":99,"column":25},"end":{"line":99,"column":35}},"78":{"start":{"line":100,"column":30},"end":{"line":100,"column":48}},"79":{"start":{"line":101,"column":31},"end":{"line":101,"column":50}},"80":{"start":{"line":102,"column":27},"end":{"line":102,"column":42}},"81":{"start":{"line":105,"column":32},"end":{"line":105,"column":38}},"82":{"start":{"line":106,"column":38},"end":{"line":106,"column":39}},"83":{"start":{"line":108,"column":12},"end":{"line":112,"column":13}},"84":{"start":{"line":109,"column":16},"end":{"line":109,"column":142}},"85":{"start":{"line":111,"column":16},"end":{"line":111,"column":140}},"86":{"start":{"line":114,"column":12},"end":{"line":116,"column":13}},"87":{"start":{"line":115,"column":16},"end":{"line":115,"column":77}},"88":{"start":{"line":118,"column":12},"end":{"line":169,"column":14}},"89":{"start":{"line":173,"column":4},"end":{"line":173,"column":21}},"90":{"start":{"line":179,"column":23},"end":{"line":322,"column":1}},"91":{"start":{"line":180,"column":17},"end":{"line":180,"column":21}},"92":{"start":{"line":182,"column":4},"end":{"line":191,"column":6}},"93":{"start":{"line":193,"column":4},"end":{"line":197,"column":6}},"94":{"start":{"line":194,"column":8},"end":{"line":194,"column":55}},"95":{"start":{"line":195,"column":8},"end":{"line":195,"column":118}},"96":{"start":{"line":196,"column":8},"end":{"line":196,"column":38}},"97":{"start":{"line":199,"column":4},"end":{"line":210,"column":6}},"98":{"start":{"line":200,"column":8},"end":{"line":209,"column":10}},"99":{"start":{"line":212,"column":4},"end":{"line":219,"column":6}},"100":{"start":{"line":213,"column":8},"end":{"line":218,"column":10}},"101":{"start":{"line":221,"column":4},"end":{"line":229,"column":6}},"102":{"start":{"line":222,"column":19},"end":{"line":222,"column":42}},"103":{"start":{"line":223,"column":22},"end":{"line":223,"column":34}},"104":{"start":{"line":224,"column":20},"end":{"line":224,"column":33}},"105":{"start":{"line":225,"column":20},"end":{"line":225,"column":33}},"106":{"start":{"line":227,"column":20},"end":{"line":227,"column":72}},"107":{"start":{"line":228,"column":8},"end":{"line":228,"column":76}},"108":{"start":{"line":231,"column":4},"end":{"line":321,"column":6}},"109":{"start":{"line":232,"column":22},"end":{"line":232,"column":34}},"110":{"start":{"line":233,"column":20},"end":{"line":233,"column":33}},"111":{"start":{"line":234,"column":26},"end":{"line":234,"column":45}},"112":{"start":{"line":235,"column":22},"end":{"line":235,"column":34}},"113":{"start":{"line":236,"column":24},"end":{"line":236,"column":41}},"114":{"start":{"line":237,"column":26},"end":{"line":237,"column":45}},"115":{"start":{"line":239,"column":20},"end":{"line":239,"column":31}},"116":{"start":{"line":240,"column":23},"end":{"line":240,"column":25}},"117":{"start":{"line":241,"column":23},"end":{"line":241,"column":29}},"118":{"start":{"line":243,"column":8},"end":{"line":293,"column":9}},"119":{"start":{"line":244,"column":12},"end":{"line":244,"column":63}},"120":{"start":{"line":245,"column":12},"end":{"line":292,"column":13}},"121":{"start":{"line":246,"column":16},"end":{"line":252,"column":28}},"122":{"start":{"line":253,"column":19},"end":{"line":292,"column":13}},"123":{"start":{"line":254,"column":16},"end":{"line":261,"column":28}},"124":{"start":{"line":263,"column":16},"end":{"line":291,"column":19}},"125":{"start":{"line":294,"column":8},"end":{"line":294,"column":24}},"126":{"start":{"line":297,"column":12},"end":{"line":319,"column":13}},"127":{"start":{"line":299,"column":20},"end":{"line":299,"column":124}},"128":{"start":{"line":301,"column":20},"end":{"line":301,"column":125}},"129":{"start":{"line":303,"column":20},"end":{"line":303,"column":123}},"130":{"start":{"line":305,"column":20},"end":{"line":305,"column":125}},"131":{"start":{"line":307,"column":20},"end":{"line":307,"column":126}},"132":{"start":{"line":309,"column":20},"end":{"line":309,"column":85}},"133":{"start":{"line":311,"column":20},"end":{"line":311,"column":84}},"134":{"start":{"line":314,"column":20},"end":{"line":318,"column":22}},"135":{"start":{"line":324,"column":19},"end":{"line":330,"column":1}},"136":{"start":{"line":325,"column":4},"end":{"line":325,"column":40}},"137":{"start":{"line":327,"column":4},"end":{"line":327,"column":21}},"138":{"start":{"line":328,"column":4},"end":{"line":328,"column":23}},"139":{"start":{"line":329,"column":4},"end":{"line":329,"column":41}},"140":{"start":{"line":335,"column":0},"end":{"line":335,"column":28}}},"fnMap":{"0":{"name":"(anonymous_0)","decl":{"start":{"line":7,"column":32},"end":{"line":7,"column":33}},"loc":{"start":{"line":7,"column":50},"end":{"line":7,"column":256}},"line":7},"1":{"name":"(anonymous_1)","decl":{"start":{"line":9,"column":19},"end":{"line":9,"column":20}},"loc":{"start":{"line":9,"column":31},"end":{"line":9,"column":561}},"line":9},"2":{"name":"defineProperties","decl":{"start":{"line":9,"column":42},"end":{"line":9,"column":58}},"loc":{"start":{"line":9,"column":74},"end":{"line":9,"column":349}},"line":9},"3":{"name":"(anonymous_3)","decl":{"start":{"line":9,"column":357},"end":{"line":9,"column":358}},"loc":{"start":{"line":9,"column":405},"end":{"line":9,"column":558}},"line":9},"4":{"name":"_interopRequireDefault","decl":{"start":{"line":54,"column":9},"end":{"line":54,"column":31}},"loc":{"start":{"line":54,"column":37},"end":{"line":54,"column":95}},"line":54},"5":{"name":"_objectWithoutProperties","decl":{"start":{"line":56,"column":9},"end":{"line":56,"column":33}},"loc":{"start":{"line":56,"column":45},"end":{"line":56,"column":220}},"line":56},"6":{"name":"_classCallCheck","decl":{"start":{"line":58,"column":9},"end":{"line":58,"column":24}},"loc":{"start":{"line":58,"column":48},"end":{"line":58,"column":153}},"line":58},"7":{"name":"_possibleConstructorReturn","decl":{"start":{"line":60,"column":9},"end":{"line":60,"column":35}},"loc":{"start":{"line":60,"column":48},"end":{"line":60,"column":240}},"line":60},"8":{"name":"_inherits","decl":{"start":{"line":62,"column":9},"end":{"line":62,"column":18}},"loc":{"start":{"line":62,"column":41},"end":{"line":62,"column":494}},"line":62},"9":{"name":"(anonymous_9)","decl":{"start":{"line":69,"column":47},"end":{"line":69,"column":48}},"loc":{"start":{"line":69,"column":75},"end":{"line":174,"column":1}},"line":69},"10":{"name":"rjvObject","decl":{"start":{"line":72,"column":13},"end":{"line":72,"column":22}},"loc":{"start":{"line":72,"column":30},"end":{"line":81,"column":5}},"line":72},"11":{"name":"render","decl":{"start":{"line":85,"column":24},"end":{"line":85,"column":30}},"loc":{"start":{"line":85,"column":33},"end":{"line":170,"column":9}},"line":85},"12":{"name":"_initialiseProps","decl":{"start":{"line":179,"column":32},"end":{"line":179,"column":48}},"loc":{"start":{"line":179,"column":51},"end":{"line":322,"column":1}},"line":179},"13":{"name":"(anonymous_13)","decl":{"start":{"line":193,"column":27},"end":{"line":193,"column":28}},"loc":{"start":{"line":193,"column":39},"end":{"line":197,"column":5}},"line":193},"14":{"name":"(anonymous_14)","decl":{"start":{"line":199,"column":28},"end":{"line":199,"column":29}},"loc":{"start":{"line":199,"column":57},"end":{"line":210,"column":5}},"line":199},"15":{"name":"(anonymous_15)","decl":{"start":{"line":212,"column":22},"end":{"line":212,"column":23}},"loc":{"start":{"line":212,"column":34},"end":{"line":219,"column":5}},"line":212},"16":{"name":"(anonymous_16)","decl":{"start":{"line":221,"column":29},"end":{"line":221,"column":30}},"loc":{"start":{"line":221,"column":44},"end":{"line":229,"column":5}},"line":221},"17":{"name":"(anonymous_17)","decl":{"start":{"line":231,"column":32},"end":{"line":231,"column":33}},"loc":{"start":{"line":231,"column":60},"end":{"line":321,"column":5}},"line":231},"18":{"name":"getValue","decl":{"start":{"line":296,"column":17},"end":{"line":296,"column":25}},"loc":{"start":{"line":296,"column":43},"end":{"line":320,"column":9}},"line":296},"19":{"name":"JsonVariable","decl":{"start":{"line":324,"column":28},"end":{"line":324,"column":40}},"loc":{"start":{"line":324,"column":54},"end":{"line":330,"column":1}},"line":324}},"branchMap":{"0":{"loc":{"start":{"line":7,"column":15},"end":{"line":7,"column":256}},"type":"binary-expr","locations":[{"start":{"line":7,"column":15},"end":{"line":7,"column":28}},{"start":{"line":7,"column":32},"end":{"line":7,"column":256}}],"line":7},"1":{"loc":{"start":{"line":7,"column":150},"end":{"line":7,"column":235}},"type":"if","locations":[{"start":{"line":7,"column":150},"end":{"line":7,"column":235}},{"start":{"line":7,"column":150},"end":{"line":7,"column":235}}],"line":7},"2":{"loc":{"start":{"line":9,"column":168},"end":{"line":9,"column":198}},"type":"binary-expr","locations":[{"start":{"line":9,"column":168},"end":{"line":9,"column":189}},{"start":{"line":9,"column":193},"end":{"line":9,"column":198}}],"line":9},"3":{"loc":{"start":{"line":9,"column":232},"end":{"line":9,"column":286}},"type":"if","locations":[{"start":{"line":9,"column":232},"end":{"line":9,"column":286}},{"start":{"line":9,"column":232},"end":{"line":9,"column":286}}],"line":9},"4":{"loc":{"start":{"line":9,"column":407},"end":{"line":9,"column":475}},"type":"if","locations":[{"start":{"line":9,"column":407},"end":{"line":9,"column":475}},{"start":{"line":9,"column":407},"end":{"line":9,"column":475}}],"line":9},"5":{"loc":{"start":{"line":9,"column":476},"end":{"line":9,"column":536}},"type":"if","locations":[{"start":{"line":9,"column":476},"end":{"line":9,"column":536}},{"start":{"line":9,"column":476},"end":{"line":9,"column":536}}],"line":9},"6":{"loc":{"start":{"line":54,"column":46},"end":{"line":54,"column":92}},"type":"cond-expr","locations":[{"start":{"line":54,"column":70},"end":{"line":54,"column":73}},{"start":{"line":54,"column":76},"end":{"line":54,"column":92}}],"line":54},"7":{"loc":{"start":{"line":54,"column":46},"end":{"line":54,"column":67}},"type":"binary-expr","locations":[{"start":{"line":54,"column":46},"end":{"line":54,"column":49}},{"start":{"line":54,"column":53},"end":{"line":54,"column":67}}],"line":54},"8":{"loc":{"start":{"line":56,"column":85},"end":{"line":56,"column":120}},"type":"if","locations":[{"start":{"line":56,"column":85},"end":{"line":56,"column":120}},{"start":{"line":56,"column":85},"end":{"line":56,"column":120}}],"line":56},"9":{"loc":{"start":{"line":56,"column":121},"end":{"line":56,"column":181}},"type":"if","locations":[{"start":{"line":56,"column":121},"end":{"line":56,"column":181}},{"start":{"line":56,"column":121},"end":{"line":56,"column":181}}],"line":56},"10":{"loc":{"start":{"line":58,"column":50},"end":{"line":58,"column":151}},"type":"if","locations":[{"start":{"line":58,"column":50},"end":{"line":58,"column":151}},{"start":{"line":58,"column":50},"end":{"line":58,"column":151}}],"line":58},"11":{"loc":{"start":{"line":60,"column":50},"end":{"line":60,"column":151}},"type":"if","locations":[{"start":{"line":60,"column":50},"end":{"line":60,"column":151}},{"start":{"line":60,"column":50},"end":{"line":60,"column":151}}],"line":60},"12":{"loc":{"start":{"line":60,"column":159},"end":{"line":60,"column":237}},"type":"cond-expr","locations":[{"start":{"line":60,"column":226},"end":{"line":60,"column":230}},{"start":{"line":60,"column":233},"end":{"line":60,"column":237}}],"line":60},"13":{"loc":{"start":{"line":60,"column":159},"end":{"line":60,"column":223}},"type":"binary-expr","locations":[{"start":{"line":60,"column":159},"end":{"line":60,"column":163}},{"start":{"line":60,"column":168},"end":{"line":60,"column":192}},{"start":{"line":60,"column":196},"end":{"line":60,"column":222}}],"line":60},"14":{"loc":{"start":{"line":62,"column":43},"end":{"line":62,"column":208}},"type":"if","locations":[{"start":{"line":62,"column":43},"end":{"line":62,"column":208}},{"start":{"line":62,"column":43},"end":{"line":62,"column":208}}],"line":62},"15":{"loc":{"start":{"line":62,"column":47},"end":{"line":62,"column":102}},"type":"binary-expr","locations":[{"start":{"line":62,"column":47},"end":{"line":62,"column":79}},{"start":{"line":62,"column":83},"end":{"line":62,"column":102}}],"line":62},"16":{"loc":{"start":{"line":62,"column":244},"end":{"line":62,"column":278}},"type":"binary-expr","locations":[{"start":{"line":62,"column":244},"end":{"line":62,"column":254}},{"start":{"line":62,"column":258},"end":{"line":62,"column":278}}],"line":62},"17":{"loc":{"start":{"line":62,"column":374},"end":{"line":62,"column":492}},"type":"if","locations":[{"start":{"line":62,"column":374},"end":{"line":62,"column":492}},{"start":{"line":62,"column":374},"end":{"line":62,"column":492}}],"line":62},"18":{"loc":{"start":{"line":62,"column":390},"end":{"line":62,"column":491}},"type":"cond-expr","locations":[{"start":{"line":62,"column":414},"end":{"line":62,"column":457}},{"start":{"line":62,"column":460},"end":{"line":62,"column":491}}],"line":62},"19":{"loc":{"start":{"line":69,"column":16},"end":{"line":174,"column":39}},"type":"binary-expr","locations":[{"start":{"line":69,"column":16},"end":{"line":174,"column":29}},{"start":{"line":174,"column":33},"end":{"line":174,"column":39}}],"line":69},"20":{"loc":{"start":{"line":75,"column":54},"end":{"line":75,"column":109}},"type":"binary-expr","locations":[{"start":{"line":75,"column":54},"end":{"line":75,"column":73}},{"start":{"line":75,"column":77},"end":{"line":75,"column":109}}],"line":75},"21":{"loc":{"start":{"line":108,"column":12},"end":{"line":112,"column":13}},"type":"if","locations":[{"start":{"line":108,"column":12},"end":{"line":112,"column":13}},{"start":{"line":108,"column":12},"end":{"line":112,"column":13}}],"line":108},"22":{"loc":{"start":{"line":114,"column":12},"end":{"line":116,"column":13}},"type":"if","locations":[{"start":{"line":114,"column":12},"end":{"line":116,"column":13}},{"start":{"line":114,"column":12},"end":{"line":116,"column":13}}],"line":114},"23":{"loc":{"start":{"line":120,"column":47},"end":{"line":120,"column":84}},"type":"cond-expr","locations":[{"start":{"line":120,"column":57},"end":{"line":120,"column":67}},{"start":{"line":120,"column":70},"end":{"line":120,"column":84}}],"line":120},"24":{"loc":{"start":{"line":132,"column":24},"end":{"line":142,"column":25}},"type":"cond-expr","locations":[{"start":{"line":132,"column":49},"end":{"line":136,"column":25}},{"start":{"line":136,"column":28},"end":{"line":142,"column":25}}],"line":132},"25":{"loc":{"start":{"line":151,"column":28},"end":{"line":151,"column":62}},"type":"cond-expr","locations":[{"start":{"line":151,"column":53},"end":{"line":151,"column":56}},{"start":{"line":151,"column":59},"end":{"line":151,"column":62}}],"line":151},"26":{"loc":{"start":{"line":154,"column":20},"end":{"line":154,"column":65}},"type":"cond-expr","locations":[{"start":{"line":154,"column":31},"end":{"line":154,"column":58}},{"start":{"line":154,"column":61},"end":{"line":154,"column":65}}],"line":154},"27":{"loc":{"start":{"line":156,"column":16},"end":{"line":156,"column":114}},"type":"cond-expr","locations":[{"start":{"line":156,"column":27},"end":{"line":156,"column":94}},{"start":{"line":156,"column":97},"end":{"line":156,"column":114}}],"line":156},"28":{"loc":{"start":{"line":163,"column":45},"end":{"line":163,"column":69}},"type":"cond-expr","locations":[{"start":{"line":163,"column":56},"end":{"line":163,"column":61}},{"start":{"line":163,"column":64},"end":{"line":163,"column":69}}],"line":163},"29":{"loc":{"start":{"line":165,"column":24},"end":{"line":165,"column":58}},"type":"cond-expr","locations":[{"start":{"line":165,"column":49},"end":{"line":165,"column":52}},{"start":{"line":165,"column":55},"end":{"line":165,"column":58}}],"line":165},"30":{"loc":{"start":{"line":167,"column":20},"end":{"line":167,"column":65}},"type":"cond-expr","locations":[{"start":{"line":167,"column":31},"end":{"line":167,"column":35}},{"start":{"line":167,"column":38},"end":{"line":167,"column":65}}],"line":167},"31":{"loc":{"start":{"line":188,"column":21},"end":{"line":188,"column":68}},"type":"cond-expr","locations":[{"start":{"line":188,"column":50},"end":{"line":188,"column":57}},{"start":{"line":188,"column":60},"end":{"line":188,"column":68}}],"line":188},"32":{"loc":{"start":{"line":189,"column":21},"end":{"line":189,"column":68}},"type":"cond-expr","locations":[{"start":{"line":189,"column":50},"end":{"line":189,"column":57}},{"start":{"line":189,"column":60},"end":{"line":189,"column":68}}],"line":189},"33":{"loc":{"start":{"line":190,"column":22},"end":{"line":190,"column":60}},"type":"cond-expr","locations":[{"start":{"line":190,"column":40},"end":{"line":190,"column":55}},{"start":{"line":190,"column":58},"end":{"line":190,"column":60}}],"line":190},"34":{"loc":{"start":{"line":245,"column":12},"end":{"line":292,"column":13}},"type":"if","locations":[{"start":{"line":245,"column":12},"end":{"line":292,"column":13}},{"start":{"line":245,"column":12},"end":{"line":292,"column":13}}],"line":245},"35":{"loc":{"start":{"line":253,"column":19},"end":{"line":292,"column":13}},"type":"if","locations":[{"start":{"line":253,"column":19},"end":{"line":292,"column":13}},{"start":{"line":253,"column":19},"end":{"line":292,"column":13}}],"line":253},"36":{"loc":{"start":{"line":267,"column":20},"end":{"line":289,"column":21}},"type":"cond-expr","locations":[{"start":{"line":267,"column":51},"end":{"line":277,"column":21}},{"start":{"line":277,"column":24},"end":{"line":289,"column":21}}],"line":267},"37":{"loc":{"start":{"line":297,"column":12},"end":{"line":319,"column":13}},"type":"switch","locations":[{"start":{"line":298,"column":16},"end":{"line":299,"column":124}},{"start":{"line":300,"column":16},"end":{"line":301,"column":125}},{"start":{"line":302,"column":16},"end":{"line":303,"column":123}},{"start":{"line":304,"column":16},"end":{"line":305,"column":125}},{"start":{"line":306,"column":16},"end":{"line":307,"column":126}},{"start":{"line":308,"column":16},"end":{"line":309,"column":85}},{"start":{"line":310,"column":16},"end":{"line":311,"column":84}},{"start":{"line":312,"column":16},"end":{"line":318,"column":22}}],"line":297}},"s":{"0":1,"1":1,"2":0,"3":0,"4":0,"5":0,"6":0,"7":0,"8":1,"9":1,"10":1,"11":1,"12":1,"13":1,"14":1,"15":1,"16":1,"17":1,"18":1,"19":1,"20":0,"21":1,"22":1,"23":1,"24":1,"25":1,"26":1,"27":1,"28":1,"29":1,"30":1,"31":1,"32":1,"33":1,"34":1,"35":1,"36":1,"37":1,"38":7,"39":0,"40":0,"41":0,"42":0,"43":0,"44":0,"45":0,"46":0,"47":0,"48":0,"49":0,"50":0,"51":0,"52":1,"53":0,"54":1,"55":1,"56":1,"57":1,"58":1,"59":1,"60":1,"61":0,"62":0,"63":0,"64":0,"65":0,"66":1,"67":0,"68":0,"69":0,"70":0,"71":0,"72":0,"73":0,"74":0,"75":0,"76":0,"77":0,"78":0,"79":0,"80":0,"81":0,"82":0,"83":0,"84":0,"85":0,"86":0,"87":0,"88":0,"89":1,"90":1,"91":0,"92":0,"93":0,"94":0,"95":0,"96":0,"97":0,"98":0,"99":0,"100":0,"101":0,"102":0,"103":0,"104":0,"105":0,"106":0,"107":0,"108":0,"109":0,"110":0,"111":0,"112":0,"113":0,"114":0,"115":0,"116":0,"117":0,"118":0,"119":0,"120":0,"121":0,"122":0,"123":0,"124":0,"125":0,"126":0,"127":0,"128":0,"129":0,"130":0,"131":0,"132":0,"133":0,"134":0,"135":1,"136":0,"137":0,"138":0,"139":0,"140":1},"f":{"0":0,"1":1,"2":1,"3":1,"4":7,"5":0,"6":0,"7":0,"8":1,"9":1,"10":0,"11":0,"12":0,"13":0,"14":0,"15":0,"16":0,"17":0,"18":0,"19":0},"b":{"0":[1,0],"1":[0,0],"2":[1,1],"3":[1,0],"4":[1,0],"5":[0,1],"6":[3,4],"7":[7,7],"8":[0,0],"9":[0,0],"10":[0,0],"11":[0,0],"12":[0,0],"13":[0,0,0],"14":[0,1],"15":[1,0],"16":[1,1],"17":[1,0],"18":[1,0],"19":[1,0],"20":[0,0],"21":[0,0],"22":[0,0],"23":[0,0],"24":[0,0],"25":[0,0],"26":[0,0],"27":[0,0],"28":[0,0],"29":[0,0],"30":[0,0],"31":[0,0],"32":[0,0],"33":[0,0],"34":[0,0],"35":[0,0],"36":[0,0],"37":[0,0,0,0,0,0,0,0]},"_coverageSchema":"332fd63041d2c1bcb487cc26dd0d5f7d97098a6c","hash":"c698fd5ce47405cd8eb8bca66b6e7fce0b0db1b0","contentHash":"961d86fc3e7c5bd06b171c70c0957f13_10.3.2"},"/react/src/js/helpers/util.js":{"path":"/react/src/js/helpers/util.js","statementMap":{"0":{"start":{"line":3,"column":0},"end":{"line":5,"column":3}},"1":{"start":{"line":6,"column":0},"end":{"line":6,"column":24}},"2":{"start":{"line":9,"column":15},"end":{"line":9,"column":27}},"3":{"start":{"line":11,"column":4},"end":{"line":20,"column":5}},"4":{"start":{"line":12,"column":8},"end":{"line":19,"column":9}},"5":{"start":{"line":13,"column":12},"end":{"line":13,"column":25}},"6":{"start":{"line":14,"column":15},"end":{"line":19,"column":9}},"7":{"start":{"line":16,"column":12},"end":{"line":16,"column":27}},"8":{"start":{"line":18,"column":12},"end":{"line":18,"column":29}},"9":{"start":{"line":21,"column":4},"end":{"line":21,"column":16}},"10":{"start":{"line":26,"column":4},"end":{"line":26,"column":73}}},"fnMap":{"0":{"name":"toType","decl":{"start":{"line":8,"column":9},"end":{"line":8,"column":15}},"loc":{"start":{"line":8,"column":21},"end":{"line":22,"column":1}},"line":8},"1":{"name":"getType","decl":{"start":{"line":25,"column":9},"end":{"line":25,"column":16}},"loc":{"start":{"line":25,"column":22},"end":{"line":27,"column":1}},"line":25}},"branchMap":{"0":{"loc":{"start":{"line":11,"column":4},"end":{"line":20,"column":5}},"type":"if","locations":[{"start":{"line":11,"column":4},"end":{"line":20,"column":5}},{"start":{"line":11,"column":4},"end":{"line":20,"column":5}}],"line":11},"1":{"loc":{"start":{"line":12,"column":8},"end":{"line":19,"column":9}},"type":"if","locations":[{"start":{"line":12,"column":8},"end":{"line":19,"column":9}},{"start":{"line":12,"column":8},"end":{"line":19,"column":9}}],"line":12},"2":{"loc":{"start":{"line":14,"column":15},"end":{"line":19,"column":9}},"type":"if","locations":[{"start":{"line":14,"column":15},"end":{"line":19,"column":9}},{"start":{"line":14,"column":15},"end":{"line":19,"column":9}}],"line":14}},"s":{"0":1,"1":1,"2":0,"3":0,"4":0,"5":0,"6":0,"7":0,"8":0,"9":0,"10":0},"f":{"0":0,"1":0},"b":{"0":[0,0],"1":[0,0],"2":[0,0]},"_coverageSchema":"332fd63041d2c1bcb487cc26dd0d5f7d97098a6c","hash":"e517abc9d0eec36c6cbc0a01b250993bf8b24a6c","contentHash":"cb9693bdc53d055a4343d1d4e5a1692b_10.3.2"},"/react/src/js/components/DataTypes/DataTypes.js":{"path":"/react/src/js/components/DataTypes/DataTypes.js","statementMap":{"0":{"start":{"line":3,"column":0},"end":{"line":5,"column":3}},"1":{"start":{"line":7,"column":15},"end":{"line":7,"column":35}},"2":{"start":{"line":9,"column":0},"end":{"line":14,"column":3}},"3":{"start":{"line":12,"column":4},"end":{"line":12,"column":52}},"4":{"start":{"line":16,"column":13},"end":{"line":16,"column":31}},"5":{"start":{"line":18,"column":0},"end":{"line":23,"column":3}},"6":{"start":{"line":21,"column":4},"end":{"line":21,"column":50}},"7":{"start":{"line":25,"column":16},"end":{"line":25,"column":37}},"8":{"start":{"line":27,"column":0},"end":{"line":32,"column":3}},"9":{"start":{"line":30,"column":4},"end":{"line":30,"column":53}},"10":{"start":{"line":34,"column":11},"end":{"line":34,"column":27}},"11":{"start":{"line":36,"column":0},"end":{"line":41,"column":3}},"12":{"start":{"line":39,"column":4},"end":{"line":39,"column":48}},"13":{"start":{"line":43,"column":12},"end":{"line":43,"column":29}},"14":{"start":{"line":45,"column":0},"end":{"line":50,"column":3}},"15":{"start":{"line":48,"column":4},"end":{"line":48,"column":49}},"16":{"start":{"line":52,"column":15},"end":{"line":52,"column":35}},"17":{"start":{"line":54,"column":0},"end":{"line":59,"column":3}},"18":{"start":{"line":57,"column":4},"end":{"line":57,"column":52}},"19":{"start":{"line":61,"column":14},"end":{"line":61,"column":33}},"20":{"start":{"line":63,"column":0},"end":{"line":68,"column":3}},"21":{"start":{"line":66,"column":4},"end":{"line":66,"column":51}},"22":{"start":{"line":70,"column":14},"end":{"line":70,"column":33}},"23":{"start":{"line":72,"column":0},"end":{"line":77,"column":3}},"24":{"start":{"line":75,"column":4},"end":{"line":75,"column":51}},"25":{"start":{"line":79,"column":39},"end":{"line":79,"column":93}}},"fnMap":{"0":{"name":"get","decl":{"start":{"line":11,"column":16},"end":{"line":11,"column":19}},"loc":{"start":{"line":11,"column":22},"end":{"line":13,"column":3}},"line":11},"1":{"name":"get","decl":{"start":{"line":20,"column":16},"end":{"line":20,"column":19}},"loc":{"start":{"line":20,"column":22},"end":{"line":22,"column":3}},"line":20},"2":{"name":"get","decl":{"start":{"line":29,"column":16},"end":{"line":29,"column":19}},"loc":{"start":{"line":29,"column":22},"end":{"line":31,"column":3}},"line":29},"3":{"name":"get","decl":{"start":{"line":38,"column":16},"end":{"line":38,"column":19}},"loc":{"start":{"line":38,"column":22},"end":{"line":40,"column":3}},"line":38},"4":{"name":"get","decl":{"start":{"line":47,"column":16},"end":{"line":47,"column":19}},"loc":{"start":{"line":47,"column":22},"end":{"line":49,"column":3}},"line":47},"5":{"name":"get","decl":{"start":{"line":56,"column":16},"end":{"line":56,"column":19}},"loc":{"start":{"line":56,"column":22},"end":{"line":58,"column":3}},"line":56},"6":{"name":"get","decl":{"start":{"line":65,"column":16},"end":{"line":65,"column":19}},"loc":{"start":{"line":65,"column":22},"end":{"line":67,"column":3}},"line":65},"7":{"name":"get","decl":{"start":{"line":74,"column":16},"end":{"line":74,"column":19}},"loc":{"start":{"line":74,"column":22},"end":{"line":76,"column":3}},"line":74},"8":{"name":"_interopRequireDefault","decl":{"start":{"line":79,"column":9},"end":{"line":79,"column":31}},"loc":{"start":{"line":79,"column":37},"end":{"line":79,"column":95}},"line":79}},"branchMap":{"0":{"loc":{"start":{"line":79,"column":46},"end":{"line":79,"column":92}},"type":"cond-expr","locations":[{"start":{"line":79,"column":70},"end":{"line":79,"column":73}},{"start":{"line":79,"column":76},"end":{"line":79,"column":92}}],"line":79},"1":{"loc":{"start":{"line":79,"column":46},"end":{"line":79,"column":67}},"type":"binary-expr","locations":[{"start":{"line":79,"column":46},"end":{"line":79,"column":49}},{"start":{"line":79,"column":53},"end":{"line":79,"column":67}}],"line":79}},"s":{"0":1,"1":1,"2":1,"3":0,"4":1,"5":1,"6":0,"7":1,"8":1,"9":0,"10":1,"11":1,"12":0,"13":1,"14":1,"15":0,"16":1,"17":1,"18":0,"19":1,"20":1,"21":0,"22":1,"23":1,"24":0,"25":0},"f":{"0":0,"1":0,"2":0,"3":0,"4":0,"5":0,"6":0,"7":0,"8":0},"b":{"0":[0,0],"1":[0,0]},"_coverageSchema":"332fd63041d2c1bcb487cc26dd0d5f7d97098a6c","hash":"e817b316c64b8c5c0dcea5a2f32d6bf0a51ee81a","contentHash":"feaf0f03f21dfb0ac0749da6f8157c25_10.3.2"},"/react/src/js/components/DataTypes/Boolean.js":{"path":"/react/src/js/components/DataTypes/Boolean.js","statementMap":{"0":{"start":{"line":3,"column":0},"end":{"line":5,"column":3}},"1":{"start":{"line":6,"column":0},"end":{"line":6,"column":28}},"2":{"start":{"line":8,"column":15},"end":{"line":8,"column":256}},"3":{"start":{"line":8,"column":52},"end":{"line":8,"column":239}},"4":{"start":{"line":8,"column":110},"end":{"line":8,"column":122}},"5":{"start":{"line":8,"column":124},"end":{"line":8,"column":237}},"6":{"start":{"line":8,"column":150},"end":{"line":8,"column":235}},"7":{"start":{"line":8,"column":207},"end":{"line":8,"column":233}},"8":{"start":{"line":8,"column":240},"end":{"line":8,"column":254}},"9":{"start":{"line":10,"column":19},"end":{"line":10,"column":563}},"10":{"start":{"line":10,"column":76},"end":{"line":10,"column":347}},"11":{"start":{"line":10,"column":134},"end":{"line":10,"column":142}},"12":{"start":{"line":10,"column":144},"end":{"line":10,"column":199}},"13":{"start":{"line":10,"column":200},"end":{"line":10,"column":231}},"14":{"start":{"line":10,"column":232},"end":{"line":10,"column":286}},"15":{"start":{"line":10,"column":259},"end":{"line":10,"column":286}},"16":{"start":{"line":10,"column":287},"end":{"line":10,"column":345}},"17":{"start":{"line":10,"column":350},"end":{"line":10,"column":559}},"18":{"start":{"line":10,"column":407},"end":{"line":10,"column":475}},"19":{"start":{"line":10,"column":423},"end":{"line":10,"column":475}},"20":{"start":{"line":10,"column":476},"end":{"line":10,"column":536}},"21":{"start":{"line":10,"column":493},"end":{"line":10,"column":536}},"22":{"start":{"line":10,"column":537},"end":{"line":10,"column":556}},"23":{"start":{"line":12,"column":13},"end":{"line":12,"column":29}},"24":{"start":{"line":14,"column":14},"end":{"line":14,"column":44}},"25":{"start":{"line":16,"column":21},"end":{"line":16,"column":47}},"26":{"start":{"line":18,"column":22},"end":{"line":18,"column":60}},"27":{"start":{"line":20,"column":16},"end":{"line":20,"column":50}},"28":{"start":{"line":22,"column":17},"end":{"line":22,"column":50}},"29":{"start":{"line":24,"column":39},"end":{"line":24,"column":93}},"30":{"start":{"line":26,"column":50},"end":{"line":26,"column":151}},"31":{"start":{"line":26,"column":92},"end":{"line":26,"column":149}},"32":{"start":{"line":28,"column":50},"end":{"line":28,"column":151}},"33":{"start":{"line":28,"column":63},"end":{"line":28,"column":149}},"34":{"start":{"line":28,"column":152},"end":{"line":28,"column":238}},"35":{"start":{"line":30,"column":43},"end":{"line":30,"column":208}},"36":{"start":{"line":30,"column":106},"end":{"line":30,"column":206}},"37":{"start":{"line":30,"column":209},"end":{"line":30,"column":373}},"38":{"start":{"line":30,"column":374},"end":{"line":30,"column":492}},"39":{"start":{"line":30,"column":390},"end":{"line":30,"column":492}},"40":{"start":{"line":35,"column":15},"end":{"line":69,"column":28}},"41":{"start":{"line":36,"column":4},"end":{"line":36,"column":42}},"42":{"start":{"line":39,"column":8},"end":{"line":39,"column":40}},"43":{"start":{"line":41,"column":8},"end":{"line":41,"column":128}},"44":{"start":{"line":44,"column":4},"end":{"line":66,"column":8}},"45":{"start":{"line":47,"column":28},"end":{"line":47,"column":34}},"46":{"start":{"line":48,"column":24},"end":{"line":48,"column":34}},"47":{"start":{"line":50,"column":12},"end":{"line":64,"column":13}},"48":{"start":{"line":51,"column":16},"end":{"line":56,"column":18}},"49":{"start":{"line":58,"column":16},"end":{"line":63,"column":18}},"50":{"start":{"line":68,"column":4},"end":{"line":68,"column":20}},"51":{"start":{"line":71,"column":0},"end":{"line":71,"column":27}}},"fnMap":{"0":{"name":"(anonymous_0)","decl":{"start":{"line":8,"column":32},"end":{"line":8,"column":33}},"loc":{"start":{"line":8,"column":50},"end":{"line":8,"column":256}},"line":8},"1":{"name":"(anonymous_1)","decl":{"start":{"line":10,"column":19},"end":{"line":10,"column":20}},"loc":{"start":{"line":10,"column":31},"end":{"line":10,"column":561}},"line":10},"2":{"name":"defineProperties","decl":{"start":{"line":10,"column":42},"end":{"line":10,"column":58}},"loc":{"start":{"line":10,"column":74},"end":{"line":10,"column":349}},"line":10},"3":{"name":"(anonymous_3)","decl":{"start":{"line":10,"column":357},"end":{"line":10,"column":358}},"loc":{"start":{"line":10,"column":405},"end":{"line":10,"column":558}},"line":10},"4":{"name":"_interopRequireDefault","decl":{"start":{"line":24,"column":9},"end":{"line":24,"column":31}},"loc":{"start":{"line":24,"column":37},"end":{"line":24,"column":95}},"line":24},"5":{"name":"_classCallCheck","decl":{"start":{"line":26,"column":9},"end":{"line":26,"column":24}},"loc":{"start":{"line":26,"column":48},"end":{"line":26,"column":153}},"line":26},"6":{"name":"_possibleConstructorReturn","decl":{"start":{"line":28,"column":9},"end":{"line":28,"column":35}},"loc":{"start":{"line":28,"column":48},"end":{"line":28,"column":240}},"line":28},"7":{"name":"_inherits","decl":{"start":{"line":30,"column":9},"end":{"line":30,"column":18}},"loc":{"start":{"line":30,"column":41},"end":{"line":30,"column":494}},"line":30},"8":{"name":"(anonymous_8)","decl":{"start":{"line":35,"column":15},"end":{"line":35,"column":16}},"loc":{"start":{"line":35,"column":43},"end":{"line":69,"column":1}},"line":35},"9":{"name":"_default","decl":{"start":{"line":38,"column":13},"end":{"line":38,"column":21}},"loc":{"start":{"line":38,"column":24},"end":{"line":42,"column":5}},"line":38},"10":{"name":"render","decl":{"start":{"line":46,"column":24},"end":{"line":46,"column":30}},"loc":{"start":{"line":46,"column":33},"end":{"line":65,"column":9}},"line":46}},"branchMap":{"0":{"loc":{"start":{"line":8,"column":15},"end":{"line":8,"column":256}},"type":"binary-expr","locations":[{"start":{"line":8,"column":15},"end":{"line":8,"column":28}},{"start":{"line":8,"column":32},"end":{"line":8,"column":256}}],"line":8},"1":{"loc":{"start":{"line":8,"column":150},"end":{"line":8,"column":235}},"type":"if","locations":[{"start":{"line":8,"column":150},"end":{"line":8,"column":235}},{"start":{"line":8,"column":150},"end":{"line":8,"column":235}}],"line":8},"2":{"loc":{"start":{"line":10,"column":168},"end":{"line":10,"column":198}},"type":"binary-expr","locations":[{"start":{"line":10,"column":168},"end":{"line":10,"column":189}},{"start":{"line":10,"column":193},"end":{"line":10,"column":198}}],"line":10},"3":{"loc":{"start":{"line":10,"column":232},"end":{"line":10,"column":286}},"type":"if","locations":[{"start":{"line":10,"column":232},"end":{"line":10,"column":286}},{"start":{"line":10,"column":232},"end":{"line":10,"column":286}}],"line":10},"4":{"loc":{"start":{"line":10,"column":407},"end":{"line":10,"column":475}},"type":"if","locations":[{"start":{"line":10,"column":407},"end":{"line":10,"column":475}},{"start":{"line":10,"column":407},"end":{"line":10,"column":475}}],"line":10},"5":{"loc":{"start":{"line":10,"column":476},"end":{"line":10,"column":536}},"type":"if","locations":[{"start":{"line":10,"column":476},"end":{"line":10,"column":536}},{"start":{"line":10,"column":476},"end":{"line":10,"column":536}}],"line":10},"6":{"loc":{"start":{"line":24,"column":46},"end":{"line":24,"column":92}},"type":"cond-expr","locations":[{"start":{"line":24,"column":70},"end":{"line":24,"column":73}},{"start":{"line":24,"column":76},"end":{"line":24,"column":92}}],"line":24},"7":{"loc":{"start":{"line":24,"column":46},"end":{"line":24,"column":67}},"type":"binary-expr","locations":[{"start":{"line":24,"column":46},"end":{"line":24,"column":49}},{"start":{"line":24,"column":53},"end":{"line":24,"column":67}}],"line":24},"8":{"loc":{"start":{"line":26,"column":50},"end":{"line":26,"column":151}},"type":"if","locations":[{"start":{"line":26,"column":50},"end":{"line":26,"column":151}},{"start":{"line":26,"column":50},"end":{"line":26,"column":151}}],"line":26},"9":{"loc":{"start":{"line":28,"column":50},"end":{"line":28,"column":151}},"type":"if","locations":[{"start":{"line":28,"column":50},"end":{"line":28,"column":151}},{"start":{"line":28,"column":50},"end":{"line":28,"column":151}}],"line":28},"10":{"loc":{"start":{"line":28,"column":159},"end":{"line":28,"column":237}},"type":"cond-expr","locations":[{"start":{"line":28,"column":226},"end":{"line":28,"column":230}},{"start":{"line":28,"column":233},"end":{"line":28,"column":237}}],"line":28},"11":{"loc":{"start":{"line":28,"column":159},"end":{"line":28,"column":223}},"type":"binary-expr","locations":[{"start":{"line":28,"column":159},"end":{"line":28,"column":163}},{"start":{"line":28,"column":168},"end":{"line":28,"column":192}},{"start":{"line":28,"column":196},"end":{"line":28,"column":222}}],"line":28},"12":{"loc":{"start":{"line":30,"column":43},"end":{"line":30,"column":208}},"type":"if","locations":[{"start":{"line":30,"column":43},"end":{"line":30,"column":208}},{"start":{"line":30,"column":43},"end":{"line":30,"column":208}}],"line":30},"13":{"loc":{"start":{"line":30,"column":47},"end":{"line":30,"column":102}},"type":"binary-expr","locations":[{"start":{"line":30,"column":47},"end":{"line":30,"column":79}},{"start":{"line":30,"column":83},"end":{"line":30,"column":102}}],"line":30},"14":{"loc":{"start":{"line":30,"column":244},"end":{"line":30,"column":278}},"type":"binary-expr","locations":[{"start":{"line":30,"column":244},"end":{"line":30,"column":254}},{"start":{"line":30,"column":258},"end":{"line":30,"column":278}}],"line":30},"15":{"loc":{"start":{"line":30,"column":374},"end":{"line":30,"column":492}},"type":"if","locations":[{"start":{"line":30,"column":374},"end":{"line":30,"column":492}},{"start":{"line":30,"column":374},"end":{"line":30,"column":492}}],"line":30},"16":{"loc":{"start":{"line":30,"column":390},"end":{"line":30,"column":491}},"type":"cond-expr","locations":[{"start":{"line":30,"column":414},"end":{"line":30,"column":457}},{"start":{"line":30,"column":460},"end":{"line":30,"column":491}}],"line":30},"17":{"loc":{"start":{"line":41,"column":49},"end":{"line":41,"column":102}},"type":"binary-expr","locations":[{"start":{"line":41,"column":49},"end":{"line":41,"column":67}},{"start":{"line":41,"column":71},"end":{"line":41,"column":102}}],"line":41},"18":{"loc":{"start":{"line":50,"column":12},"end":{"line":64,"column":13}},"type":"if","locations":[{"start":{"line":50,"column":12},"end":{"line":64,"column":13}},{"start":{"line":50,"column":12},"end":{"line":64,"column":13}}],"line":50}},"s":{"0":1,"1":1,"2":1,"3":0,"4":0,"5":0,"6":0,"7":0,"8":0,"9":1,"10":1,"11":1,"12":1,"13":1,"14":1,"15":1,"16":1,"17":1,"18":1,"19":1,"20":1,"21":0,"22":1,"23":1,"24":1,"25":1,"26":1,"27":1,"28":1,"29":3,"30":0,"31":0,"32":0,"33":0,"34":0,"35":1,"36":0,"37":1,"38":1,"39":1,"40":1,"41":1,"42":0,"43":0,"44":1,"45":0,"46":0,"47":0,"48":0,"49":0,"50":1,"51":1},"f":{"0":0,"1":1,"2":1,"3":1,"4":3,"5":0,"6":0,"7":1,"8":1,"9":0,"10":0},"b":{"0":[1,0],"1":[0,0],"2":[1,1],"3":[1,0],"4":[1,0],"5":[0,1],"6":[2,1],"7":[3,3],"8":[0,0],"9":[0,0],"10":[0,0],"11":[0,0,0],"12":[0,1],"13":[1,0],"14":[1,1],"15":[1,0],"16":[1,0],"17":[0,0],"18":[0,0]},"_coverageSchema":"332fd63041d2c1bcb487cc26dd0d5f7d97098a6c","hash":"565fce2ff11c62913c66fd404869770d0b226e69","contentHash":"d6420a98e6c808a7e3dbf3713e90c9c0_10.3.2"},"/react/src/js/components/DataTypes/DataTypeLabel.js":{"path":"/react/src/js/components/DataTypes/DataTypeLabel.js","statementMap":{"0":{"start":{"line":3,"column":0},"end":{"line":5,"column":3}},"1":{"start":{"line":6,"column":0},"end":{"line":6,"column":28}},"2":{"start":{"line":8,"column":19},"end":{"line":8,"column":563}},"3":{"start":{"line":8,"column":76},"end":{"line":8,"column":347}},"4":{"start":{"line":8,"column":134},"end":{"line":8,"column":142}},"5":{"start":{"line":8,"column":144},"end":{"line":8,"column":199}},"6":{"start":{"line":8,"column":200},"end":{"line":8,"column":231}},"7":{"start":{"line":8,"column":232},"end":{"line":8,"column":286}},"8":{"start":{"line":8,"column":259},"end":{"line":8,"column":286}},"9":{"start":{"line":8,"column":287},"end":{"line":8,"column":345}},"10":{"start":{"line":8,"column":350},"end":{"line":8,"column":559}},"11":{"start":{"line":8,"column":407},"end":{"line":8,"column":475}},"12":{"start":{"line":8,"column":423},"end":{"line":8,"column":475}},"13":{"start":{"line":8,"column":476},"end":{"line":8,"column":536}},"14":{"start":{"line":8,"column":493},"end":{"line":8,"column":536}},"15":{"start":{"line":8,"column":537},"end":{"line":8,"column":556}},"16":{"start":{"line":10,"column":13},"end":{"line":10,"column":29}},"17":{"start":{"line":12,"column":14},"end":{"line":12,"column":44}},"18":{"start":{"line":14,"column":19},"end":{"line":14,"column":56}},"19":{"start":{"line":16,"column":20},"end":{"line":16,"column":56}},"20":{"start":{"line":18,"column":16},"end":{"line":18,"column":50}},"21":{"start":{"line":20,"column":17},"end":{"line":20,"column":50}},"22":{"start":{"line":22,"column":39},"end":{"line":22,"column":93}},"23":{"start":{"line":24,"column":50},"end":{"line":24,"column":151}},"24":{"start":{"line":24,"column":92},"end":{"line":24,"column":149}},"25":{"start":{"line":26,"column":50},"end":{"line":26,"column":151}},"26":{"start":{"line":26,"column":63},"end":{"line":26,"column":149}},"27":{"start":{"line":26,"column":152},"end":{"line":26,"column":238}},"28":{"start":{"line":28,"column":43},"end":{"line":28,"column":208}},"29":{"start":{"line":28,"column":106},"end":{"line":28,"column":206}},"30":{"start":{"line":28,"column":209},"end":{"line":28,"column":373}},"31":{"start":{"line":28,"column":374},"end":{"line":28,"column":492}},"32":{"start":{"line":28,"column":390},"end":{"line":28,"column":492}},"33":{"start":{"line":33,"column":15},"end":{"line":63,"column":28}},"34":{"start":{"line":34,"column":4},"end":{"line":34,"column":42}},"35":{"start":{"line":37,"column":8},"end":{"line":37,"column":40}},"36":{"start":{"line":39,"column":8},"end":{"line":39,"column":128}},"37":{"start":{"line":42,"column":4},"end":{"line":60,"column":8}},"38":{"start":{"line":45,"column":25},"end":{"line":45,"column":35}},"39":{"start":{"line":46,"column":24},"end":{"line":46,"column":36}},"40":{"start":{"line":47,"column":28},"end":{"line":47,"column":44}},"41":{"start":{"line":48,"column":24},"end":{"line":48,"column":36}},"42":{"start":{"line":50,"column":12},"end":{"line":58,"column":13}},"43":{"start":{"line":51,"column":16},"end":{"line":55,"column":18}},"44":{"start":{"line":57,"column":16},"end":{"line":57,"column":66}},"45":{"start":{"line":62,"column":4},"end":{"line":62,"column":20}},"46":{"start":{"line":65,"column":0},"end":{"line":65,"column":27}}},"fnMap":{"0":{"name":"(anonymous_0)","decl":{"start":{"line":8,"column":19},"end":{"line":8,"column":20}},"loc":{"start":{"line":8,"column":31},"end":{"line":8,"column":561}},"line":8},"1":{"name":"defineProperties","decl":{"start":{"line":8,"column":42},"end":{"line":8,"column":58}},"loc":{"start":{"line":8,"column":74},"end":{"line":8,"column":349}},"line":8},"2":{"name":"(anonymous_2)","decl":{"start":{"line":8,"column":357},"end":{"line":8,"column":358}},"loc":{"start":{"line":8,"column":405},"end":{"line":8,"column":558}},"line":8},"3":{"name":"_interopRequireDefault","decl":{"start":{"line":22,"column":9},"end":{"line":22,"column":31}},"loc":{"start":{"line":22,"column":37},"end":{"line":22,"column":95}},"line":22},"4":{"name":"_classCallCheck","decl":{"start":{"line":24,"column":9},"end":{"line":24,"column":24}},"loc":{"start":{"line":24,"column":48},"end":{"line":24,"column":153}},"line":24},"5":{"name":"_possibleConstructorReturn","decl":{"start":{"line":26,"column":9},"end":{"line":26,"column":35}},"loc":{"start":{"line":26,"column":48},"end":{"line":26,"column":240}},"line":26},"6":{"name":"_inherits","decl":{"start":{"line":28,"column":9},"end":{"line":28,"column":18}},"loc":{"start":{"line":28,"column":41},"end":{"line":28,"column":494}},"line":28},"7":{"name":"(anonymous_7)","decl":{"start":{"line":33,"column":15},"end":{"line":33,"column":16}},"loc":{"start":{"line":33,"column":43},"end":{"line":63,"column":1}},"line":33},"8":{"name":"_default","decl":{"start":{"line":36,"column":13},"end":{"line":36,"column":21}},"loc":{"start":{"line":36,"column":24},"end":{"line":40,"column":5}},"line":36},"9":{"name":"render","decl":{"start":{"line":44,"column":24},"end":{"line":44,"column":30}},"loc":{"start":{"line":44,"column":33},"end":{"line":59,"column":9}},"line":44}},"branchMap":{"0":{"loc":{"start":{"line":8,"column":168},"end":{"line":8,"column":198}},"type":"binary-expr","locations":[{"start":{"line":8,"column":168},"end":{"line":8,"column":189}},{"start":{"line":8,"column":193},"end":{"line":8,"column":198}}],"line":8},"1":{"loc":{"start":{"line":8,"column":232},"end":{"line":8,"column":286}},"type":"if","locations":[{"start":{"line":8,"column":232},"end":{"line":8,"column":286}},{"start":{"line":8,"column":232},"end":{"line":8,"column":286}}],"line":8},"2":{"loc":{"start":{"line":8,"column":407},"end":{"line":8,"column":475}},"type":"if","locations":[{"start":{"line":8,"column":407},"end":{"line":8,"column":475}},{"start":{"line":8,"column":407},"end":{"line":8,"column":475}}],"line":8},"3":{"loc":{"start":{"line":8,"column":476},"end":{"line":8,"column":536}},"type":"if","locations":[{"start":{"line":8,"column":476},"end":{"line":8,"column":536}},{"start":{"line":8,"column":476},"end":{"line":8,"column":536}}],"line":8},"4":{"loc":{"start":{"line":22,"column":46},"end":{"line":22,"column":92}},"type":"cond-expr","locations":[{"start":{"line":22,"column":70},"end":{"line":22,"column":73}},{"start":{"line":22,"column":76},"end":{"line":22,"column":92}}],"line":22},"5":{"loc":{"start":{"line":22,"column":46},"end":{"line":22,"column":67}},"type":"binary-expr","locations":[{"start":{"line":22,"column":46},"end":{"line":22,"column":49}},{"start":{"line":22,"column":53},"end":{"line":22,"column":67}}],"line":22},"6":{"loc":{"start":{"line":24,"column":50},"end":{"line":24,"column":151}},"type":"if","locations":[{"start":{"line":24,"column":50},"end":{"line":24,"column":151}},{"start":{"line":24,"column":50},"end":{"line":24,"column":151}}],"line":24},"7":{"loc":{"start":{"line":26,"column":50},"end":{"line":26,"column":151}},"type":"if","locations":[{"start":{"line":26,"column":50},"end":{"line":26,"column":151}},{"start":{"line":26,"column":50},"end":{"line":26,"column":151}}],"line":26},"8":{"loc":{"start":{"line":26,"column":159},"end":{"line":26,"column":237}},"type":"cond-expr","locations":[{"start":{"line":26,"column":226},"end":{"line":26,"column":230}},{"start":{"line":26,"column":233},"end":{"line":26,"column":237}}],"line":26},"9":{"loc":{"start":{"line":26,"column":159},"end":{"line":26,"column":223}},"type":"binary-expr","locations":[{"start":{"line":26,"column":159},"end":{"line":26,"column":163}},{"start":{"line":26,"column":168},"end":{"line":26,"column":192}},{"start":{"line":26,"column":196},"end":{"line":26,"column":222}}],"line":26},"10":{"loc":{"start":{"line":28,"column":43},"end":{"line":28,"column":208}},"type":"if","locations":[{"start":{"line":28,"column":43},"end":{"line":28,"column":208}},{"start":{"line":28,"column":43},"end":{"line":28,"column":208}}],"line":28},"11":{"loc":{"start":{"line":28,"column":47},"end":{"line":28,"column":102}},"type":"binary-expr","locations":[{"start":{"line":28,"column":47},"end":{"line":28,"column":79}},{"start":{"line":28,"column":83},"end":{"line":28,"column":102}}],"line":28},"12":{"loc":{"start":{"line":28,"column":244},"end":{"line":28,"column":278}},"type":"binary-expr","locations":[{"start":{"line":28,"column":244},"end":{"line":28,"column":254}},{"start":{"line":28,"column":258},"end":{"line":28,"column":278}}],"line":28},"13":{"loc":{"start":{"line":28,"column":374},"end":{"line":28,"column":492}},"type":"if","locations":[{"start":{"line":28,"column":374},"end":{"line":28,"column":492}},{"start":{"line":28,"column":374},"end":{"line":28,"column":492}}],"line":28},"14":{"loc":{"start":{"line":28,"column":390},"end":{"line":28,"column":491}},"type":"cond-expr","locations":[{"start":{"line":28,"column":414},"end":{"line":28,"column":457}},{"start":{"line":28,"column":460},"end":{"line":28,"column":491}}],"line":28},"15":{"loc":{"start":{"line":39,"column":49},"end":{"line":39,"column":102}},"type":"binary-expr","locations":[{"start":{"line":39,"column":49},"end":{"line":39,"column":67}},{"start":{"line":39,"column":71},"end":{"line":39,"column":102}}],"line":39},"16":{"loc":{"start":{"line":50,"column":12},"end":{"line":58,"column":13}},"type":"if","locations":[{"start":{"line":50,"column":12},"end":{"line":58,"column":13}},{"start":{"line":50,"column":12},"end":{"line":58,"column":13}}],"line":50}},"s":{"0":1,"1":1,"2":1,"3":1,"4":1,"5":1,"6":1,"7":1,"8":1,"9":1,"10":1,"11":1,"12":1,"13":1,"14":0,"15":1,"16":1,"17":1,"18":1,"19":1,"20":1,"21":1,"22":3,"23":0,"24":0,"25":0,"26":0,"27":0,"28":1,"29":0,"30":1,"31":1,"32":1,"33":1,"34":1,"35":0,"36":0,"37":1,"38":0,"39":0,"40":0,"41":0,"42":0,"43":0,"44":0,"45":1,"46":1},"f":{"0":1,"1":1,"2":1,"3":3,"4":0,"5":0,"6":1,"7":1,"8":0,"9":0},"b":{"0":[1,1],"1":[1,0],"2":[1,0],"3":[0,1],"4":[2,1],"5":[3,3],"6":[0,0],"7":[0,0],"8":[0,0],"9":[0,0,0],"10":[0,1],"11":[1,0],"12":[1,1],"13":[1,0],"14":[1,0],"15":[0,0],"16":[0,0]},"_coverageSchema":"332fd63041d2c1bcb487cc26dd0d5f7d97098a6c","hash":"a8a0ad38a168f2cd4a14fe92aa2d681d82a2ebec","contentHash":"1e5a85209f223a02d4786fca02850b98_10.3.2"},"/react/src/js/stores/ConfigStore.js":{"path":"/react/src/js/stores/ConfigStore.js","statementMap":{"0":{"start":{"line":3,"column":0},"end":{"line":5,"column":3}},"1":{"start":{"line":7,"column":50},"end":{"line":7,"column":151}},"2":{"start":{"line":7,"column":92},"end":{"line":7,"column":149}},"3":{"start":{"line":10,"column":18},"end":{"line":27,"column":1}},"4":{"start":{"line":11,"column":16},"end":{"line":11,"column":20}},"5":{"start":{"line":13,"column":4},"end":{"line":13,"column":39}},"6":{"start":{"line":15,"column":4},"end":{"line":15,"column":20}},"7":{"start":{"line":17,"column":4},"end":{"line":19,"column":6}},"8":{"start":{"line":18,"column":8},"end":{"line":18,"column":33}},"9":{"start":{"line":21,"column":4},"end":{"line":26,"column":6}},"10":{"start":{"line":22,"column":8},"end":{"line":24,"column":9}},"11":{"start":{"line":23,"column":12},"end":{"line":23,"column":33}},"12":{"start":{"line":25,"column":8},"end":{"line":25,"column":32}},"13":{"start":{"line":29,"column":18},"end":{"line":29,"column":35}},"14":{"start":{"line":31,"column":0},"end":{"line":31,"column":30}}},"fnMap":{"0":{"name":"_classCallCheck","decl":{"start":{"line":7,"column":9},"end":{"line":7,"column":24}},"loc":{"start":{"line":7,"column":48},"end":{"line":7,"column":153}},"line":7},"1":{"name":"ConfigStore","decl":{"start":{"line":10,"column":27},"end":{"line":10,"column":38}},"loc":{"start":{"line":10,"column":41},"end":{"line":27,"column":1}},"line":10},"2":{"name":"(anonymous_2)","decl":{"start":{"line":17,"column":15},"end":{"line":17,"column":16}},"loc":{"start":{"line":17,"column":41},"end":{"line":19,"column":5}},"line":17},"3":{"name":"(anonymous_3)","decl":{"start":{"line":21,"column":15},"end":{"line":21,"column":16}},"loc":{"start":{"line":21,"column":49},"end":{"line":26,"column":5}},"line":21}},"branchMap":{"0":{"loc":{"start":{"line":7,"column":50},"end":{"line":7,"column":151}},"type":"if","locations":[{"start":{"line":7,"column":50},"end":{"line":7,"column":151}},{"start":{"line":7,"column":50},"end":{"line":7,"column":151}}],"line":7},"1":{"loc":{"start":{"line":22,"column":8},"end":{"line":24,"column":9}},"type":"if","locations":[{"start":{"line":22,"column":8},"end":{"line":24,"column":9}},{"start":{"line":22,"column":8},"end":{"line":24,"column":9}}],"line":22}},"s":{"0":1,"1":1,"2":0,"3":1,"4":1,"5":1,"6":1,"7":1,"8":0,"9":1,"10":0,"11":0,"12":0,"13":1,"14":1},"f":{"0":1,"1":1,"2":0,"3":0},"b":{"0":[0,1],"1":[0,0]},"_coverageSchema":"332fd63041d2c1bcb487cc26dd0d5f7d97098a6c","hash":"211bb890c6c5b5f80ca49043fdb75eeeb65f47a0","contentHash":"d24b2c2aceb91f7c3db4a60eaef0e8d0_10.3.2"},"/react/src/js/themes/getStyle.js":{"path":"/react/src/js/themes/getStyle.js","statementMap":{"0":{"start":{"line":3,"column":0},"end":{"line":5,"column":3}},"1":{"start":{"line":6,"column":0},"end":{"line":6,"column":24}},"2":{"start":{"line":8,"column":17},"end":{"line":8,"column":47}},"3":{"start":{"line":10,"column":22},"end":{"line":10,"column":49}},"4":{"start":{"line":12,"column":23},"end":{"line":12,"column":62}},"5":{"start":{"line":14
[...]
olumn":208}},"type":"if","locations":[{"start":{"line":30,"column":43},"end":{"line":30,"column":208}},{"start":{"line":30,"column":43},"end":{"line":30,"column":208}}],"line":30},"13":{"loc":{"start":{"line":30,"column":47},"end":{"line":30,"column":102}},"type":"binary-expr","locations":[{"start":{"line":30,"column":47},"end":{"line":30,"column":79}},{"start":{"line":30,"column":83},"end":{"line":30,"column":102}}],"line":30},"14":{"loc":{"start":{"line":30,"column":244},"end":{"line":30,"column":278}},"type":"binary-expr","locations":[{"start":{"line":30,"column":244},"end":{"line":30,"column":254}},{"start":{"line":30,"column":258},"end":{"line":30,"column":278}}],"line":30},"15":{"loc":{"start":{"line":30,"column":374},"end":{"line":30,"column":492}},"type":"if","locations":[{"start":{"line":30,"column":374},"end":{"line":30,"column":492}},{"start":{"line":30,"column":374},"end":{"line":30,"column":492}}],"line":30},"16":{"loc":{"start":{"line":30,"column":390},"end":{"line":30,"column":491}},"type":"cond-expr","locations":[{"start":{"line":30,"column":414},"end":{"line":30,"column":457}},{"start":{"line":30,"column":460},"end":{"line":30,"column":491}}],"line":30},"17":{"loc":{"start":{"line":41,"column":49},"end":{"line":41,"column":102}},"type":"binary-expr","locations":[{"start":{"line":41,"column":49},"end":{"line":41,"column":67}},{"start":{"line":41,"column":71},"end":{"line":41,"column":102}}],"line":41}},"s":{"0":1,"1":1,"2":1,"3":0,"4":0,"5":0,"6":0,"7":0,"8":0,"9":1,"10":1,"11":1,"12":1,"13":1,"14":1,"15":1,"16":1,"17":1,"18":1,"19":1,"20":1,"21":0,"22":1,"23":1,"24":1,"25":1,"26":1,"27":1,"28":1,"29":3,"30":0,"31":0,"32":0,"33":0,"34":0,"35":1,"36":0,"37":1,"38":1,"39":1,"40":1,"41":1,"42":0,"43":0,"44":1,"45":0,"46":0,"47":0,"48":1,"49":1},"f":{"0":0,"1":1,"2":1,"3":1,"4":3,"5":0,"6":0,"7":1,"8":1,"9":0,"10":0},"b":{"0":[1,0],"1":[0,0],"2":[1,1],"3":[1,0],"4":[1,0],"5":[0,1],"6":[2,1],"7":[3,3],"8":[0,0],"9":[0,0],"10":[0,0],"11":[0,0,0],"12":[0,1],"13":[1,0],"14":[1,1],"15":[1,0],"16":[1,0],"17":[0,0]},"_coverageSchema":"332fd63041d2c1bcb487cc26dd0d5f7d97098a6c","hash":"3b0222cfd3aeb6d9f3f76feb914c0808f79da8cc","contentHash":"e1db3b83472ee0a23ccc3d290273802b_10.3.2"},"/react/src/js/components/VariableMeta.js":{"path":"/react/src/js/components/VariableMeta.js","statementMap":{"0":{"start":{"line":3,"column":0},"end":{"line":5,"column":3}},"1":{"start":{"line":6,"column":0},"end":{"line":6,"column":28}},"2":{"start":{"line":8,"column":15},"end":{"line":8,"column":256}},"3":{"start":{"line":8,"column":52},"end":{"line":8,"column":239}},"4":{"start":{"line":8,"column":110},"end":{"line":8,"column":122}},"5":{"start":{"line":8,"column":124},"end":{"line":8,"column":237}},"6":{"start":{"line":8,"column":150},"end":{"line":8,"column":235}},"7":{"start":{"line":8,"column":207},"end":{"line":8,"column":233}},"8":{"start":{"line":8,"column":240},"end":{"line":8,"column":254}},"9":{"start":{"line":10,"column":13},"end":{"line":10,"column":29}},"10":{"start":{"line":12,"column":14},"end":{"line":12,"column":44}},"11":{"start":{"line":14,"column":14},"end":{"line":14,"column":50}},"12":{"start":{"line":16,"column":15},"end":{"line":16,"column":46}},"13":{"start":{"line":18,"column":17},"end":{"line":18,"column":37}},"14":{"start":{"line":20,"column":18},"end":{"line":20,"column":52}},"15":{"start":{"line":22,"column":20},"end":{"line":22,"column":44}},"16":{"start":{"line":24,"column":21},"end":{"line":24,"column":58}},"17":{"start":{"line":26,"column":19},"end":{"line":26,"column":53}},"18":{"start":{"line":28,"column":20},"end":{"line":28,"column":56}},"19":{"start":{"line":30,"column":16},"end":{"line":30,"column":47}},"20":{"start":{"line":32,"column":17},"end":{"line":32,"column":50}},"21":{"start":{"line":34,"column":39},"end":{"line":34,"column":93}},"22":{"start":{"line":36,"column":50},"end":{"line":36,"column":151}},"23":{"start":{"line":36,"column":92},"end":{"line":36,"column":149}},"24":{"start":{"line":38,"column":50},"end":{"line":38,"column":151}},"25":{"start":{"line":38,"column":63},"end":{"line":38,"column":149}},"26":{"start":{"line":38,"column":152},"end":{"line":38,"column":238}},"27":{"start":{"line":40,"column":43},"end":{"line":40,"column":208}},"28":{"start":{"line":40,"column":106},"end":{"line":40,"column":206}},"29":{"start":{"line":40,"column":209},"end":{"line":40,"column":373}},"30":{"start":{"line":40,"column":374},"end":{"line":40,"column":492}},"31":{"start":{"line":40,"column":390},"end":{"line":40,"column":492}},"32":{"start":{"line":53,"column":15},"end":{"line":189,"column":28}},"33":{"start":{"line":54,"column":4},"end":{"line":54,"column":42}},"34":{"start":{"line":57,"column":8},"end":{"line":57,"column":40}},"35":{"start":{"line":59,"column":20},"end":{"line":59,"column":127}},"36":{"start":{"line":61,"column":8},"end":{"line":67,"column":10}},"37":{"start":{"line":69,"column":8},"end":{"line":85,"column":10}},"38":{"start":{"line":70,"column":21},"end":{"line":70,"column":35}},"39":{"start":{"line":71,"column":22},"end":{"line":71,"column":37}},"40":{"start":{"line":73,"column":38},"end":{"line":73,"column":90}},"41":{"start":{"line":74,"column":12},"end":{"line":74,"column":81}},"42":{"start":{"line":76,"column":12},"end":{"line":78,"column":15}},"43":{"start":{"line":77,"column":16},"end":{"line":77,"column":58}},"44":{"start":{"line":80,"column":12},"end":{"line":82,"column":15}},"45":{"start":{"line":81,"column":16},"end":{"line":81,"column":56}},"46":{"start":{"line":84,"column":12},"end":{"line":84,"column":42}},"47":{"start":{"line":87,"column":8},"end":{"line":89,"column":10}},"48":{"start":{"line":88,"column":12},"end":{"line":88,"column":69}},"49":{"start":{"line":91,"column":8},"end":{"line":147,"column":10}},"50":{"start":{"line":95,"column":24},"end":{"line":95,"column":93}},"51":{"start":{"line":96,"column":12},"end":{"line":146,"column":14}},"52":{"start":{"line":140,"column":32},"end":{"line":140,"column":69}},"53":{"start":{"line":149,"column":8},"end":{"line":159,"column":10}},"54":{"start":{"line":150,"column":12},"end":{"line":158,"column":13}},"55":{"start":{"line":151,"column":16},"end":{"line":157,"column":18}},"56":{"start":{"line":161,"column":8},"end":{"line":182,"column":10}},"57":{"start":{"line":162,"column":30},"end":{"line":162,"column":41}},"58":{"start":{"line":163,"column":21},"end":{"line":163,"column":35}},"59":{"start":{"line":164,"column":29},"end":{"line":164,"column":51}},"60":{"start":{"line":165,"column":30},"end":{"line":165,"column":41}},"61":{"start":{"line":166,"column":22},"end":{"line":166,"column":37}},"62":{"start":{"line":167,"column":23},"end":{"line":167,"column":39}},"63":{"start":{"line":168,"column":24},"end":{"line":168,"column":41}},"64":{"start":{"line":170,"column":29},"end":{"line":170,"column":44}},"65":{"start":{"line":172,"column":12},"end":{"line":181,"column":14}},"66":{"start":{"line":177,"column":24},"end":{"line":177,"column":44}},"67":{"start":{"line":184,"column":8},"end":{"line":184,"column":47}},"68":{"start":{"line":185,"column":8},"end":{"line":185,"column":21}},"69":{"start":{"line":188,"column":4},"end":{"line":188,"column":20}},"70":{"start":{"line":191,"column":0},"end":{"line":191,"column":27}}},"fnMap":{"0":{"name":"(anonymous_0)","decl":{"start":{"line":8,"column":32},"end":{"line":8,"column":33}},"loc":{"start":{"line":8,"column":50},"end":{"line":8,"column":256}},"line":8},"1":{"name":"_interopRequireDefault","decl":{"start":{"line":34,"column":9},"end":{"line":34,"column":31}},"loc":{"start":{"line":34,"column":37},"end":{"line":34,"column":95}},"line":34},"2":{"name":"_classCallCheck","decl":{"start":{"line":36,"column":9},"end":{"line":36,"column":24}},"loc":{"start":{"line":36,"column":48},"end":{"line":36,"column":153}},"line":36},"3":{"name":"_possibleConstructorReturn","decl":{"start":{"line":38,"column":9},"end":{"line":38,"column":35}},"loc":{"start":{"line":38,"column":48},"end":{"line":38,"column":240}},"line":38},"4":{"name":"_inherits","decl":{"start":{"line":40,"column":9},"end":{"line":40,"column":18}},"loc":{"start":{"line":40,"column":41},"end":{"line":40,"column":494}},"line":40},"5":{"name":"(anonymous_5)","decl":{"start":{"line":53,"column":15},"end":{"line":53,"column":16}},"loc":{"start":{"line":53,"column":43},"end":{"line":189,"column":1}},"line":53},"6":{"name":"_default","decl":{"start":{"line":56,"column":13},"end":{"line":56,"column":21}},"loc":{"start":{"line":56,"column":29},"end":{"line":186,"column":5}},"line":56},"7":{"name":"(anonymous_7)","decl":{"start":{"line":69,"column":34},"end":{"line":69,"column":35}},"loc":{"start":{"line":69,"column":46},"end":{"line":85,"column":9}},"line":69},"8":{"name":"(anonymous_8)","decl":{"start":{"line":76,"column":48},"end":{"line":76,"column":49}},"loc":{"start":{"line":76,"column":61},"end":{"line":78,"column":13}},"line":76},"9":{"name":"(anonymous_9)","decl":{"start":{"line":80,"column":46},"end":{"line":80,"column":47}},"loc":{"start":{"line":80,"column":59},"end":{"line":82,"column":13}},"line":80},"10":{"name":"(anonymous_10)","decl":{"start":{"line":87,"column":37},"end":{"line":87,"column":38}},"loc":{"start":{"line":87,"column":49},"end":{"line":89,"column":9}},"line":87},"11":{"name":"(anonymous_11)","decl":{"start":{"line":91,"column":33},"end":{"line":91,"column":34}},"loc":{"start":{"line":91,"column":76},"end":{"line":147,"column":9}},"line":91},"12":{"name":"afterHide","decl":{"start":{"line":139,"column":48},"end":{"line":139,"column":57}},"loc":{"start":{"line":139,"column":60},"end":{"line":141,"column":29}},"line":139},"13":{"name":"(anonymous_13)","decl":{"start":{"line":149,"column":30},"end":{"line":149,"column":31}},"loc":{"start":{"line":149,"column":46},"end":{"line":159,"column":9}},"line":149},"14":{"name":"(anonymous_14)","decl":{"start":{"line":161,"column":23},"end":{"line":161,"column":24}},"loc":{"start":{"line":161,"column":35},"end":{"line":182,"column":9}},"line":161},"15":{"name":"onClick","decl":{"start":{"line":176,"column":38},"end":{"line":176,"column":45}},"loc":{"start":{"line":176,"column":49},"end":{"line":178,"column":21}},"line":176}},"branchMap":{"0":{"loc":{"start":{"line":8,"column":15},"end":{"line":8,"column":256}},"type":"binary-expr","locations":[{"start":{"line":8,"column":15},"end":{"line":8,"column":28}},{"start":{"line":8,"column":32},"end":{"line":8,"column":256}}],"line":8},"1":{"loc":{"start":{"line":8,"column":150},"end":{"line":8,"column":235}},"type":"if","locations":[{"start":{"line":8,"column":150},"end":{"line":8,"column":235}},{"start":{"line":8,"column":150},"end":{"line":8,"column":235}}],"line":8},"2":{"loc":{"start":{"line":34,"column":46},"end":{"line":34,"column":92}},"type":"cond-expr","locations":[{"start":{"line":34,"column":70},"end":{"line":34,"column":73}},{"start":{"line":34,"column":76},"end":{"line":34,"column":92}}],"line":34},"3":{"loc":{"start":{"line":34,"column":46},"end":{"line":34,"column":67}},"type":"binary-expr","locations":[{"start":{"line":34,"column":46},"end":{"line":34,"column":49}},{"start":{"line":34,"column":53},"end":{"line":34,"column":67}}],"line":34},"4":{"loc":{"start":{"line":36,"column":50},"end":{"line":36,"column":151}},"type":"if","locations":[{"start":{"line":36,"column":50},"end":{"line":36,"column":151}},{"start":{"line":36,"column":50},"end":{"line":36,"column":151}}],"line":36},"5":{"loc":{"start":{"line":38,"column":50},"end":{"line":38,"column":151}},"type":"if","locations":[{"start":{"line":38,"column":50},"end":{"line":38,"column":151}},{"start":{"line":38,"column":50},"end":{"line":38,"column":151}}],"line":38},"6":{"loc":{"start":{"line":38,"column":159},"end":{"line":38,"column":237}},"type":"cond-expr","locations":[{"start":{"line":38,"column":226},"end":{"line":38,"column":230}},{"start":{"line":38,"column":233},"end":{"line":38,"column":237}}],"line":38},"7":{"loc":{"start":{"line":38,"column":159},"end":{"line":38,"column":223}},"type":"binary-expr","locations":[{"start":{"line":38,"column":159},"end":{"line":38,"column":163}},{"start":{"line":38,"column":168},"end":{"line":38,"column":192}},{"start":{"line":38,"column":196},"end":{"line":38,"column":222}}],"line":38},"8":{"loc":{"start":{"line":40,"column":43},"end":{"line":40,"column":208}},"type":"if","locations":[{"start":{"line":40,"column":43},"end":{"line":40,"column":208}},{"start":{"line":40,"column":43},"end":{"line":40,"column":208}}],"line":40},"9":{"loc":{"start":{"line":40,"column":47},"end":{"line":40,"column":102}},"type":"binary-expr","locations":[{"start":{"line":40,"column":47},"end":{"line":40,"column":79}},{"start":{"line":40,"column":83},"end":{"line":40,"column":102}}],"line":40},"10":{"loc":{"start":{"line":40,"column":244},"end":{"line":40,"column":278}},"type":"binary-expr","locations":[{"start":{"line":40,"column":244},"end":{"line":40,"column":254}},{"start":{"line":40,"column":258},"end":{"line":40,"column":278}}],"line":40},"11":{"loc":{"start":{"line":40,"column":374},"end":{"line":40,"column":492}},"type":"if","locations":[{"start":{"line":40,"column":374},"end":{"line":40,"column":492}},{"start":{"line":40,"column":374},"end":{"line":40,"column":492}}],"line":40},"12":{"loc":{"start":{"line":40,"column":390},"end":{"line":40,"column":491}},"type":"cond-expr","locations":[{"start":{"line":40,"column":414},"end":{"line":40,"column":457}},{"start":{"line":40,"column":460},"end":{"line":40,"column":491}}],"line":40},"13":{"loc":{"start":{"line":59,"column":54},"end":{"line":59,"column":107}},"type":"binary-expr","locations":[{"start":{"line":59,"column":54},"end":{"line":59,"column":72}},{"start":{"line":59,"column":76},"end":{"line":59,"column":107}}],"line":59},"14":{"loc":{"start":{"line":88,"column":12},"end":{"line":88,"column":68}},"type":"binary-expr","locations":[{"start":{"line":88,"column":12},"end":{"line":88,"column":33}},{"start":{"line":88,"column":37},"end":{"line":88,"column":68}}],"line":88},"15":{"loc":{"start":{"line":99,"column":33},"end":{"line":99,"column":88}},"type":"cond-expr","locations":[{"start":{"line":99,"column":65},"end":{"line":99,"column":79}},{"start":{"line":99,"column":82},"end":{"line":99,"column":88}}],"line":99},"16":{"loc":{"start":{"line":105,"column":37},"end":{"line":105,"column":86}},"type":"cond-expr","locations":[{"start":{"line":105,"column":63},"end":{"line":105,"column":69}},{"start":{"line":105,"column":72},"end":{"line":105,"column":86}}],"line":105},"17":{"loc":{"start":{"line":127,"column":37},"end":{"line":127,"column":86}},"type":"cond-expr","locations":[{"start":{"line":127,"column":63},"end":{"line":127,"column":77}},{"start":{"line":127,"column":80},"end":{"line":127,"column":86}}],"line":127},"18":{"loc":{"start":{"line":150,"column":12},"end":{"line":158,"column":13}},"type":"if","locations":[{"start":{"line":150,"column":12},"end":{"line":158,"column":13}},{"start":{"line":150,"column":12},"end":{"line":158,"column":13}}],"line":150},"19":{"loc":{"start":{"line":156,"column":20},"end":{"line":156,"column":40}},"type":"cond-expr","locations":[{"start":{"line":156,"column":32},"end":{"line":156,"column":34}},{"start":{"line":156,"column":37},"end":{"line":156,"column":40}}],"line":156}},"s":{"0":1,"1":1,"2":1,"3":0,"4":0,"5":0,"6":0,"7":0,"8":0,"9":1,"10":1,"11":1,"12":1,"13":1,"14":1,"15":1,"16":1,"17":1,"18":1,"19":1,"20":1,"21":6,"22":0,"23":0,"24":0,"25":0,"26":0,"27":1,"28":0,"29":1,"30":1,"31":1,"32":1,"33":1,"34":0,"35":0,"36":0,"37":0,"38":0,"39":0,"40":0,"41":0,"42":0,"43":0,"44":0,"45":0,"46":0,"47":0,"48":0,"49":0,"50":0,"51":0,"52":0,"53":0,"54":0,"55":0,"56":0,"57":0,"58":0,"59":0,"60":0,"61":0,"62":0,"63":0,"64":0,"65":0,"66":0,"67":0,"68":0,"69":1,"70":1},"f":{"0":0,"1":6,"2":0,"3":0,"4":1,"5":1,"6":0,"7":0,"8":0,"9":0,"10":0,"11":0,"12":0,"13":0,"14":0,"15":0},"b":{"0":[1,0],"1":[0,0],"2":[2,4],"3":[6,6],"4":[0,0],"5":[0,0],"6":[0,0],"7":[0,0,0],"8":[0,1],"9":[1,0],"10":[1,1],"11":[1,0],"12":[1,0],"13":[0,0],"14":[0,0],"15":[0,0],"16":[0,0],"17":[0,0],"18":[0,0],"19":[0,0]},"_coverageSchema":"332fd63041d2c1bcb487cc26dd0d5f7d97098a6c","hash":"8f100a00049a719d660ee0eb2130a2349f2f295c","contentHash":"ea1c673f7486e2c140ff69d831f8c0a1_10.3.2"},"/react/src/js/stores/ObjectAttributes.js":{"path":"/react/src/js/stores/ObjectAttributes.js","statementMap":{"0":{"start":{"line":3,"column":0},"end":{"line":5,"column":3}},"1":{"start":{"line":7,"column":50},"end":{"line":7,"column":151}},"2":{"start":{"line":7,"column":92},"end":{"line":7,"column":149}},"3":{"start":{"line":10,"column":23},"end":{"line":33,"column":1}},"4":{"start":{"line":11,"column":16},"end":{"line":11,"column":20}},"5":{"start":{"line":13,"column":4},"end":{"line":13,"column":44}},"6":{"start":{"line":15,"column":4},"end":{"line":15,"column":22}},"7":{"start":{"line":17,"column":4},"end":{"line":25,"column":6}},"8":{"start":{"line":18,"column":8},"end":{"line":20,"column":9}},"9":{"start":{"line":19,"column":12},"end":{"line":19,"column":38}},"10":{"start":{"line":21,"column":8},"end":{"line":23,"column":9}},"11":{"start":{"line":22,"column":12},"end":{"line":22,"column":44}},"12":{"start":{"line":24,"column":8},"end":{"line":24,"column":48}},"13":{"start":{"line":27,"column":4},"end":{"line":32,"column":6}},"14":{"start":{"line":28,"column":8},"end":{"line":30,"column":9}},"15":{"start":{"line":29,"column":12},"end":{"line":29,"column":55}},"16":{"start":{"line":31,"column":8},"end":{"line":31,"column":47}},"17":{"start":{"line":35,"column":21},"end":{"line":35,"column":43}},"18":{"start":{"line":37,"column":0},"end":{"line":37,"column":33}}},"fnMap":{"0":{"name":"_classCallCheck","decl":{"start":{"line":7,"column":9},"end":{"line":7,"column":24}},"loc":{"start":{"line":7,"column":48},"end":{"line":7,"column":153}},"line":7},"1":{"name":"ObjectAttributes","decl":{"start":{"line":10,"column":32},"end":{"line":10,"column":48}},"loc":{"start":{"line":10,"column":51},"end":{"line":33,"column":1}},"line":10},"2":{"name":"(anonymous_2)","decl":{"start":{"line":17,"column":15},"end":{"line":17,"column":16}},"loc":{"start":{"line":17,"column":50},"end":{"line":25,"column":5}},"line":17},"3":{"name":"(anonymous_3)","decl":{"start":{"line":27,"column":15},"end":{"line":27,"column":16}},"loc":{"start":{"line":27,"column":58},"end":{"line":32,"column":5}},"line":27}},"branchMap":{"0":{"loc":{"start":{"line":7,"column":50},"end":{"line":7,"column":151}},"type":"if","locations":[{"start":{"line":7,"column":50},"end":{"line":7,"column":151}},{"start":{"line":7,"column":50},"end":{"line":7,"column":151}}],"line":7},"1":{"loc":{"start":{"line":18,"column":8},"end":{"line":20,"column":9}},"type":"if","locations":[{"start":{"line":18,"column":8},"end":{"line":20,"column":9}},{"start":{"line":18,"column":8},"end":{"line":20,"column":9}}],"line":18},"2":{"loc":{"start":{"line":21,"column":8},"end":{"line":23,"column":9}},"type":"if","locations":[{"start":{"line":21,"column":8},"end":{"line":23,"column":9}},{"start":{"line":21,"column":8},"end":{"line":23,"column":9}}],"line":21},"3":{"loc":{"start":{"line":28,"column":8},"end":{"line":30,"column":9}},"type":"if","locations":[{"start":{"line":28,"column":8},"end":{"line":30,"column":9}},{"start":{"line":28,"column":8},"end":{"line":30,"column":9}}],"line":28},"4":{"loc":{"start":{"line":28,"column":12},"end":{"line":28,"column":138}},"type":"binary-expr","locations":[{"start":{"line":28,"column":12},"end":{"line":28,"column":46}},{"start":{"line":28,"column":50},"end":{"line":28,"column":90}},{"start":{"line":28,"column":94},"end":{"line":28,"column":138}}],"line":28}},"s":{"0":1,"1":1,"2":0,"3":1,"4":1,"5":1,"6":1,"7":1,"8":0,"9":0,"10":0,"11":0,"12":0,"13":1,"14":0,"15":0,"16":0,"17":1,"18":1},"f":{"0":1,"1":1,"2":0,"3":0},"b":{"0":[0,1],"1":[0,0],"2":[0,0],"3":[0,0],"4":[0,0,0]},"_coverageSchema":"332fd63041d2c1bcb487cc26dd0d5f7d97098a6c","hash":"2c59a555a48888842fcd021210ae0df5de574ae7","contentHash":"ec3273f42bd816b8a33cdd1487820270_10.3.2"}}